2019-11-03 20:33:20,534 DEBUG [Forwarding newSession on session null to remote] RequestAddCookies:122 - CookieSpec selected: default
2019-11-03 20:33:20,566 DEBUG [Forwarding newSession on session null to remote] RequestAuthCache:76 - Auth cache not set in the context
2019-11-03 20:33:20,568 DEBUG [Forwarding newSession on session null to remote] PoolingHttpClientConnectionManager:249 - Connection request: [route: {}->http://localhost:2420][total kept alive: 0; route allocated: 0 of 2000; total allocated: 0 of 2000]
2019-11-03 20:33:20,610 DEBUG [Forwarding newSession on session null to remote] PoolingHttpClientConnectionManager:282 - Connection leased: [id: 0][route: {}->http://localhost:2420][total kept alive: 0; route allocated: 1 of 2000; total allocated: 1 of 2000]
2019-11-03 20:33:20,612 DEBUG [Forwarding newSession on session null to remote] MainClientExec:234 - Opening connection {}->http://localhost:2420
2019-11-03 20:33:20,614 DEBUG [Forwarding newSession on session null to remote] DefaultHttpClientConnectionOperator:138 - Connecting to localhost/127.0.0.1:2420
2019-11-03 20:33:20,626 DEBUG [Forwarding newSession on session null to remote] DefaultHttpClientConnectionOperator:145 - Connection established 127.0.0.1:52599<->127.0.0.1:2420
2019-11-03 20:33:20,627 DEBUG [Forwarding newSession on session null to remote] DefaultManagedHttpClientConnection:90 - http-outgoing-0: set socket timeout to 10800000
2019-11-03 20:33:20,627 DEBUG [Forwarding newSession on session null to remote] MainClientExec:255 - Executing request POST /session HTTP/1.1
2019-11-03 20:33:20,627 DEBUG [Forwarding newSession on session null to remote] MainClientExec:260 - Target auth state: UNCHALLENGED
2019-11-03 20:33:20,628 DEBUG [Forwarding newSession on session null to remote] MainClientExec:266 - Proxy auth state: UNCHALLENGED
2019-11-03 20:33:20,630 DEBUG [Forwarding newSession on session null to remote] headers:135 - http-outgoing-0 >> POST /session HTTP/1.1
2019-11-03 20:33:20,630 DEBUG [Forwarding newSession on session null to remote] headers:138 - http-outgoing-0 >> Content-Type: application/json; charset=utf-8
2019-11-03 20:33:20,631 DEBUG [Forwarding newSession on session null to remote] headers:138 - http-outgoing-0 >> Content-Length: 122
2019-11-03 20:33:20,631 DEBUG [Forwarding newSession on session null to remote] headers:138 - http-outgoing-0 >> Host: localhost:2420
2019-11-03 20:33:20,631 DEBUG [Forwarding newSession on session null to remote] headers:138 - http-outgoing-0 >> Connection: Keep-Alive
2019-11-03 20:33:20,632 DEBUG [Forwarding newSession on session null to remote] headers:138 - http-outgoing-0 >> User-Agent: Apache-HttpClient/4.5.2 (Java/1.8.0_151)
2019-11-03 20:33:20,632 DEBUG [Forwarding newSession on session null to remote] headers:138 - http-outgoing-0 >> Accept-Encoding: gzip,deflate
2019-11-03 20:33:20,633 DEBUG [Forwarding newSession on session null to remote] wire:72 - http-outgoing-0 >> "POST /session HTTP/1.1[\r][\n]"
2019-11-03 20:33:20,633 DEBUG [Forwarding newSession on session null to remote] wire:72 - http-outgoing-0 >> "Content-Type: application/json; charset=utf-8[\r][\n]"
2019-11-03 20:33:20,633 DEBUG [Forwarding newSession on session null to remote] wire:72 - http-outgoing-0 >> "Content-Length: 122[\r][\n]"
2019-11-03 20:33:20,633 DEBUG [Forwarding newSession on session null to remote] wire:72 - http-outgoing-0 >> "Host: localhost:2420[\r][\n]"
2019-11-03 20:33:20,634 DEBUG [Forwarding newSession on session null to remote] wire:72 - http-outgoing-0 >> "Connection: Keep-Alive[\r][\n]"
2019-11-03 20:33:20,634 DEBUG [Forwarding newSession on session null to remote] wire:72 - http-outgoing-0 >> "User-Agent: Apache-HttpClient/4.5.2 (Java/1.8.0_151)[\r][\n]"
2019-11-03 20:33:20,634 DEBUG [Forwarding newSession on session null to remote] wire:72 - http-outgoing-0 >> "Accept-Encoding: gzip,deflate[\r][\n]"
2019-11-03 20:33:20,634 DEBUG [Forwarding newSession on session null to remote] wire:72 - http-outgoing-0 >> "[\r][\n]"
2019-11-03 20:33:20,635 DEBUG [Forwarding newSession on session null to remote] wire:86 - http-outgoing-0 >> "{"desiredCapabilities":{"browserName":"chrome","chromeOptions":{"args":[],"extensions":[]},"version":"","platform":"ANY"}}"
2019-11-03 20:33:28,402 DEBUG [Forwarding newSession on session null to remote] wire:72 - http-outgoing-0 << "HTTP/1.1 200 OK[\r][\n]"
2019-11-03 20:33:28,403 DEBUG [Forwarding newSession on session null to remote] wire:72 - http-outgoing-0 << "Content-Length:800[\r][\n]"
2019-11-03 20:33:28,404 DEBUG [Forwarding newSession on session null to remote] wire:72 - http-outgoing-0 << "Content-Type:application/json; charset=utf-8[\r][\n]"
2019-11-03 20:33:28,404 DEBUG [Forwarding newSession on session null to remote] wire:72 - http-outgoing-0 << "Connection:close[\r][\n]"
2019-11-03 20:33:28,404 DEBUG [Forwarding newSession on session null to remote] wire:72 - http-outgoing-0 << "[\r][\n]"
2019-11-03 20:33:28,405 DEBUG [Forwarding newSession on session null to remote] wire:86 - http-outgoing-0 << "{"sessionId":"446566d89e461028ccb383e9398a28cb","status":0,"value":{"acceptSslCerts":true,"applicationCacheEnabled":false,"browserConnectionEnabled":false,"browserName":"chrome","chrome":{"chromedriverVersion":"2.33.506120 (e3e53437346286c0bc2d2dc9aa4915ba81d9023f)","userDataDir":"C:\\Users\\ADMIN\\AppData\\Local\\Temp\\scoped_dir9596_25263"},"cssSelectorsEnabled":true,"databaseEnabled":false,"handlesAlerts":true,"hasTouchScreen":false,"javascriptEnabled":true,"locationContextEnabled":true,"mobileEmulationEnabled":false,"nativeEvents":true,"networkConnectionEnabled":false,"pageLoadStrategy":"normal","platform":"Windows NT","rotatable":false,"setWindowRect":true,"takesHeapSnapshot":true,"takesScreenshot":true,"unexpectedAlertBehaviour":"","version":"77.0.3865.120","webStorageEnabled":true}}"
2019-11-03 20:33:28,408 DEBUG [Forwarding newSession on session null to remote] headers:124 - http-outgoing-0 << HTTP/1.1 200 OK
2019-11-03 20:33:28,409 DEBUG [Forwarding newSession on session null to remote] headers:127 - http-outgoing-0 << Content-Length:800
2019-11-03 20:33:28,409 DEBUG [Forwarding newSession on session null to remote] headers:127 - http-outgoing-0 << Content-Type:application/json; charset=utf-8
2019-11-03 20:33:28,409 DEBUG [Forwarding newSession on session null to remote] headers:127 - http-outgoing-0 << Connection:close
2019-11-03 20:33:28,529 DEBUG [Forwarding newSession on session null to remote] DefaultManagedHttpClientConnection:81 - http-outgoing-0: Close connection
2019-11-03 20:33:28,530 DEBUG [Forwarding newSession on session null to remote] MainClientExec:103 - Connection discarded
2019-11-03 20:33:28,531 DEBUG [Forwarding newSession on session null to remote] PoolingHttpClientConnectionManager:320 - Connection released: [id: 0][route: {}->http://localhost:2420][total kept alive: 0; route allocated: 0 of 2000; total allocated: 0 of 2000]
2019-11-03 20:33:28,919 DEBUG [Forwarding setTimeout on session 446566d89e461028ccb383e9398a28cb to remote] RequestAddCookies:122 - CookieSpec selected: default
2019-11-03 20:33:28,919 DEBUG [Forwarding setTimeout on session 446566d89e461028ccb383e9398a28cb to remote] RequestAuthCache:76 - Auth cache not set in the context
2019-11-03 20:33:28,919 DEBUG [Forwarding setTimeout on session 446566d89e461028ccb383e9398a28cb to remote] PoolingHttpClientConnectionManager:249 - Connection request: [route: {}->http://localhost:2420][total kept alive: 0; route allocated: 0 of 2000; total allocated: 0 of 2000]
2019-11-03 20:33:28,919 DEBUG [Forwarding setTimeout on session 446566d89e461028ccb383e9398a28cb to remote] PoolingHttpClientConnectionManager:282 - Connection leased: [id: 1][route: {}->http://localhost:2420][total kept alive: 0; route allocated: 1 of 2000; total allocated: 1 of 2000]
2019-11-03 20:33:28,920 DEBUG [Forwarding setTimeout on session 446566d89e461028ccb383e9398a28cb to remote] MainClientExec:234 - Opening connection {}->http://localhost:2420
2019-11-03 20:33:28,920 DEBUG [Forwarding setTimeout on session 446566d89e461028ccb383e9398a28cb to remote] DefaultHttpClientConnectionOperator:138 - Connecting to localhost/127.0.0.1:2420
2019-11-03 20:33:28,920 DEBUG [Forwarding setTimeout on session 446566d89e461028ccb383e9398a28cb to remote] DefaultHttpClientConnectionOperator:145 - Connection established 127.0.0.1:52616<->127.0.0.1:2420
2019-11-03 20:33:28,921 DEBUG [Forwarding setTimeout on session 446566d89e461028ccb383e9398a28cb to remote] DefaultManagedHttpClientConnection:90 - http-outgoing-1: set socket timeout to 10800000
2019-11-03 20:33:28,921 DEBUG [Forwarding setTimeout on session 446566d89e461028ccb383e9398a28cb to remote] MainClientExec:255 - Executing request POST /session/446566d89e461028ccb383e9398a28cb/timeouts HTTP/1.1
2019-11-03 20:33:28,921 DEBUG [Forwarding setTimeout on session 446566d89e461028ccb383e9398a28cb to remote] MainClientExec:260 - Target auth state: UNCHALLENGED
2019-11-03 20:33:28,921 DEBUG [Forwarding setTimeout on session 446566d89e461028ccb383e9398a28cb to remote] MainClientExec:266 - Proxy auth state: UNCHALLENGED
2019-11-03 20:33:28,921 DEBUG [Forwarding setTimeout on session 446566d89e461028ccb383e9398a28cb to remote] headers:135 - http-outgoing-1 >> POST /session/446566d89e461028ccb383e9398a28cb/timeouts HTTP/1.1
2019-11-03 20:33:28,921 DEBUG [Forwarding setTimeout on session 446566d89e461028ccb383e9398a28cb to remote] headers:138 - http-outgoing-1 >> Content-Type: application/json; charset=utf-8
2019-11-03 20:33:28,922 DEBUG [Forwarding setTimeout on session 446566d89e461028ccb383e9398a28cb to remote] headers:138 - http-outgoing-1 >> Content-Length: 30
2019-11-03 20:33:28,922 DEBUG [Forwarding setTimeout on session 446566d89e461028ccb383e9398a28cb to remote] headers:138 - http-outgoing-1 >> Host: localhost:2420
2019-11-03 20:33:28,922 DEBUG [Forwarding setTimeout on session 446566d89e461028ccb383e9398a28cb to remote] headers:138 - http-outgoing-1 >> Connection: Keep-Alive
2019-11-03 20:33:28,922 DEBUG [Forwarding setTimeout on session 446566d89e461028ccb383e9398a28cb to remote] headers:138 - http-outgoing-1 >> User-Agent: Apache-HttpClient/4.5.2 (Java/1.8.0_151)
2019-11-03 20:33:28,922 DEBUG [Forwarding setTimeout on session 446566d89e461028ccb383e9398a28cb to remote] headers:138 - http-outgoing-1 >> Accept-Encoding: gzip,deflate
2019-11-03 20:33:28,923 DEBUG [Forwarding setTimeout on session 446566d89e461028ccb383e9398a28cb to remote] wire:72 - http-outgoing-1 >> "POST /session/446566d89e461028ccb383e9398a28cb/timeouts HTTP/1.1[\r][\n]"
2019-11-03 20:33:28,923 DEBUG [Forwarding setTimeout on session 446566d89e461028ccb383e9398a28cb to remote] wire:72 - http-outgoing-1 >> "Content-Type: application/json; charset=utf-8[\r][\n]"
2019-11-03 20:33:28,923 DEBUG [Forwarding setTimeout on session 446566d89e461028ccb383e9398a28cb to remote] wire:72 - http-outgoing-1 >> "Content-Length: 30[\r][\n]"
2019-11-03 20:33:28,923 DEBUG [Forwarding setTimeout on session 446566d89e461028ccb383e9398a28cb to remote] wire:72 - http-outgoing-1 >> "Host: localhost:2420[\r][\n]"
2019-11-03 20:33:28,923 DEBUG [Forwarding setTimeout on session 446566d89e461028ccb383e9398a28cb to remote] wire:72 - http-outgoing-1 >> "Connection: Keep-Alive[\r][\n]"
2019-11-03 20:33:28,924 DEBUG [Forwarding setTimeout on session 446566d89e461028ccb383e9398a28cb to remote] wire:72 - http-outgoing-1 >> "User-Agent: Apache-HttpClient/4.5.2 (Java/1.8.0_151)[\r][\n]"
2019-11-03 20:33:28,924 DEBUG [Forwarding setTimeout on session 446566d89e461028ccb383e9398a28cb to remote] wire:72 - http-outgoing-1 >> "Accept-Encoding: gzip,deflate[\r][\n]"
2019-11-03 20:33:28,924 DEBUG [Forwarding setTimeout on session 446566d89e461028ccb383e9398a28cb to remote] wire:72 - http-outgoing-1 >> "[\r][\n]"
2019-11-03 20:33:28,924 DEBUG [Forwarding setTimeout on session 446566d89e461028ccb383e9398a28cb to remote] wire:86 - http-outgoing-1 >> "{"type":"implicit","ms":20000}"
2019-11-03 20:33:28,925 DEBUG [Forwarding setTimeout on session 446566d89e461028ccb383e9398a28cb to remote] wire:72 - http-outgoing-1 << "HTTP/1.1 200 OK[\r][\n]"
2019-11-03 20:33:28,925 DEBUG [Forwarding setTimeout on session 446566d89e461028ccb383e9398a28cb to remote] wire:72 - http-outgoing-1 << "Content-Length:72[\r][\n]"
2019-11-03 20:33:28,926 DEBUG [Forwarding setTimeout on session 446566d89e461028ccb383e9398a28cb to remote] wire:72 - http-outgoing-1 << "Content-Type:application/json; charset=utf-8[\r][\n]"
2019-11-03 20:33:28,926 DEBUG [Forwarding setTimeout on session 446566d89e461028ccb383e9398a28cb to remote] wire:72 - http-outgoing-1 << "Connection:close[\r][\n]"
2019-11-03 20:33:28,926 DEBUG [Forwarding setTimeout on session 446566d89e461028ccb383e9398a28cb to remote] wire:72 - http-outgoing-1 << "[\r][\n]"
2019-11-03 20:33:28,926 DEBUG [Forwarding setTimeout on session 446566d89e461028ccb383e9398a28cb to remote] wire:86 - http-outgoing-1 << "{"sessionId":"446566d89e461028ccb383e9398a28cb","status":0,"value":null}"
2019-11-03 20:33:28,927 DEBUG [Forwarding setTimeout on session 446566d89e461028ccb383e9398a28cb to remote] headers:124 - http-outgoing-1 << HTTP/1.1 200 OK
2019-11-03 20:33:28,927 DEBUG [Forwarding setTimeout on session 446566d89e461028ccb383e9398a28cb to remote] headers:127 - http-outgoing-1 << Content-Length:72
2019-11-03 20:33:28,927 DEBUG [Forwarding setTimeout on session 446566d89e461028ccb383e9398a28cb to remote] headers:127 - http-outgoing-1 << Content-Type:application/json; charset=utf-8
2019-11-03 20:33:28,927 DEBUG [Forwarding setTimeout on session 446566d89e461028ccb383e9398a28cb to remote] headers:127 - http-outgoing-1 << Connection:close
2019-11-03 20:33:28,928 DEBUG [Forwarding setTimeout on session 446566d89e461028ccb383e9398a28cb to remote] DefaultManagedHttpClientConnection:81 - http-outgoing-1: Close connection
2019-11-03 20:33:28,928 DEBUG [Forwarding setTimeout on session 446566d89e461028ccb383e9398a28cb to remote] MainClientExec:103 - Connection discarded
2019-11-03 20:33:28,928 DEBUG [Forwarding setTimeout on session 446566d89e461028ccb383e9398a28cb to remote] PoolingHttpClientConnectionManager:320 - Connection released: [id: 1][route: {}->http://localhost:2420][total kept alive: 0; route allocated: 0 of 2000; total allocated: 0 of 2000]
2019-11-03 20:33:29,067 DEBUG [Forwarding maximizeWindow on session 446566d89e461028ccb383e9398a28cb to remote] RequestAddCookies:122 - CookieSpec selected: default
2019-11-03 20:33:29,067 DEBUG [Forwarding maximizeWindow on session 446566d89e461028ccb383e9398a28cb to remote] RequestAuthCache:76 - Auth cache not set in the context
2019-11-03 20:33:29,067 DEBUG [Forwarding maximizeWindow on session 446566d89e461028ccb383e9398a28cb to remote] PoolingHttpClientConnectionManager:249 - Connection request: [route: {}->http://localhost:2420][total kept alive: 0; route allocated: 0 of 2000; total allocated: 0 of 2000]
2019-11-03 20:33:29,068 DEBUG [Forwarding maximizeWindow on session 446566d89e461028ccb383e9398a28cb to remote] PoolingHttpClientConnectionManager:282 - Connection leased: [id: 2][route: {}->http://localhost:2420][total kept alive: 0; route allocated: 1 of 2000; total allocated: 1 of 2000]
2019-11-03 20:33:29,068 DEBUG [Forwarding maximizeWindow on session 446566d89e461028ccb383e9398a28cb to remote] MainClientExec:234 - Opening connection {}->http://localhost:2420
2019-11-03 20:33:29,068 DEBUG [Forwarding maximizeWindow on session 446566d89e461028ccb383e9398a28cb to remote] DefaultHttpClientConnectionOperator:138 - Connecting to localhost/127.0.0.1:2420
2019-11-03 20:33:29,069 DEBUG [Forwarding maximizeWindow on session 446566d89e461028ccb383e9398a28cb to remote] DefaultHttpClientConnectionOperator:145 - Connection established 127.0.0.1:52617<->127.0.0.1:2420
2019-11-03 20:33:29,069 DEBUG [Forwarding maximizeWindow on session 446566d89e461028ccb383e9398a28cb to remote] DefaultManagedHttpClientConnection:90 - http-outgoing-2: set socket timeout to 10800000
2019-11-03 20:33:29,069 DEBUG [Forwarding maximizeWindow on session 446566d89e461028ccb383e9398a28cb to remote] MainClientExec:255 - Executing request POST /session/446566d89e461028ccb383e9398a28cb/window/current/maximize HTTP/1.1
2019-11-03 20:33:29,069 DEBUG [Forwarding maximizeWindow on session 446566d89e461028ccb383e9398a28cb to remote] MainClientExec:260 - Target auth state: UNCHALLENGED
2019-11-03 20:33:29,081 DEBUG [Forwarding maximizeWindow on session 446566d89e461028ccb383e9398a28cb to remote] MainClientExec:266 - Proxy auth state: UNCHALLENGED
2019-11-03 20:33:29,082 DEBUG [Forwarding maximizeWindow on session 446566d89e461028ccb383e9398a28cb to remote] headers:135 - http-outgoing-2 >> POST /session/446566d89e461028ccb383e9398a28cb/window/current/maximize HTTP/1.1
2019-11-03 20:33:29,082 DEBUG [Forwarding maximizeWindow on session 446566d89e461028ccb383e9398a28cb to remote] headers:138 - http-outgoing-2 >> Content-Type: application/json; charset=utf-8
2019-11-03 20:33:29,082 DEBUG [Forwarding maximizeWindow on session 446566d89e461028ccb383e9398a28cb to remote] headers:138 - http-outgoing-2 >> Content-Length: 26
2019-11-03 20:33:29,082 DEBUG [Forwarding maximizeWindow on session 446566d89e461028ccb383e9398a28cb to remote] headers:138 - http-outgoing-2 >> Host: localhost:2420
2019-11-03 20:33:29,082 DEBUG [Forwarding maximizeWindow on session 446566d89e461028ccb383e9398a28cb to remote] headers:138 - http-outgoing-2 >> Connection: Keep-Alive
2019-11-03 20:33:29,083 DEBUG [Forwarding maximizeWindow on session 446566d89e461028ccb383e9398a28cb to remote] headers:138 - http-outgoing-2 >> User-Agent: Apache-HttpClient/4.5.2 (Java/1.8.0_151)
2019-11-03 20:33:29,084 DEBUG [Forwarding maximizeWindow on session 446566d89e461028ccb383e9398a28cb to remote] headers:138 - http-outgoing-2 >> Accept-Encoding: gzip,deflate
2019-11-03 20:33:29,084 DEBUG [Forwarding maximizeWindow on session 446566d89e461028ccb383e9398a28cb to remote] wire:72 - http-outgoing-2 >> "POST /session/446566d89e461028ccb383e9398a28cb/window/current/maximize HTTP/1.1[\r][\n]"
2019-11-03 20:33:29,084 DEBUG [Forwarding maximizeWindow on session 446566d89e461028ccb383e9398a28cb to remote] wire:72 - http-outgoing-2 >> "Content-Type: application/json; charset=utf-8[\r][\n]"
2019-11-03 20:33:29,085 DEBUG [Forwarding maximizeWindow on session 446566d89e461028ccb383e9398a28cb to remote] wire:72 - http-outgoing-2 >> "Content-Length: 26[\r][\n]"
2019-11-03 20:33:29,086 DEBUG [Forwarding maximizeWindow on session 446566d89e461028ccb383e9398a28cb to remote] wire:72 - http-outgoing-2 >> "Host: localhost:2420[\r][\n]"
2019-11-03 20:33:29,086 DEBUG [Forwarding maximizeWindow on session 446566d89e461028ccb383e9398a28cb to remote] wire:72 - http-outgoing-2 >> "Connection: Keep-Alive[\r][\n]"
2019-11-03 20:33:29,086 DEBUG [Forwarding maximizeWindow on session 446566d89e461028ccb383e9398a28cb to remote] wire:72 - http-outgoing-2 >> "User-Agent: Apache-HttpClient/4.5.2 (Java/1.8.0_151)[\r][\n]"
2019-11-03 20:33:29,086 DEBUG [Forwarding maximizeWindow on session 446566d89e461028ccb383e9398a28cb to remote] wire:72 - http-outgoing-2 >> "Accept-Encoding: gzip,deflate[\r][\n]"
2019-11-03 20:33:29,086 DEBUG [Forwarding maximizeWindow on session 446566d89e461028ccb383e9398a28cb to remote] wire:72 - http-outgoing-2 >> "[\r][\n]"
2019-11-03 20:33:29,087 DEBUG [Forwarding maximizeWindow on session 446566d89e461028ccb383e9398a28cb to remote] wire:86 - http-outgoing-2 >> "{"windowHandle":"current"}"
2019-11-03 20:33:30,221 DEBUG [Forwarding maximizeWindow on session 446566d89e461028ccb383e9398a28cb to remote] wire:72 - http-outgoing-2 << "HTTP/1.1 200 OK[\r][\n]"
2019-11-03 20:33:30,222 DEBUG [Forwarding maximizeWindow on session 446566d89e461028ccb383e9398a28cb to remote] wire:72 - http-outgoing-2 << "Content-Length:72[\r][\n]"
2019-11-03 20:33:30,222 DEBUG [Forwarding maximizeWindow on session 446566d89e461028ccb383e9398a28cb to remote] wire:72 - http-outgoing-2 << "Content-Type:application/json; charset=utf-8[\r][\n]"
2019-11-03 20:33:30,222 DEBUG [Forwarding maximizeWindow on session 446566d89e461028ccb383e9398a28cb to remote] wire:72 - http-outgoing-2 << "Connection:close[\r][\n]"
2019-11-03 20:33:30,222 DEBUG [Forwarding maximizeWindow on session 446566d89e461028ccb383e9398a28cb to remote] wire:72 - http-outgoing-2 << "[\r][\n]"
2019-11-03 20:33:30,222 DEBUG [Forwarding maximizeWindow on session 446566d89e461028ccb383e9398a28cb to remote] wire:86 - http-outgoing-2 << "{"sessionId":"446566d89e461028ccb383e9398a28cb","status":0,"value":null}"
2019-11-03 20:33:30,223 DEBUG [Forwarding maximizeWindow on session 446566d89e461028ccb383e9398a28cb to remote] headers:124 - http-outgoing-2 << HTTP/1.1 200 OK
2019-11-03 20:33:30,223 DEBUG [Forwarding maximizeWindow on session 446566d89e461028ccb383e9398a28cb to remote] headers:127 - http-outgoing-2 << Content-Length:72
2019-11-03 20:33:30,223 DEBUG [Forwarding maximizeWindow on session 446566d89e461028ccb383e9398a28cb to remote] headers:127 - http-outgoing-2 << Content-Type:application/json; charset=utf-8
2019-11-03 20:33:30,224 DEBUG [Forwarding maximizeWindow on session 446566d89e461028ccb383e9398a28cb to remote] headers:127 - http-outgoing-2 << Connection:close
2019-11-03 20:33:30,225 DEBUG [Forwarding maximizeWindow on session 446566d89e461028ccb383e9398a28cb to remote] DefaultManagedHttpClientConnection:81 - http-outgoing-2: Close connection
2019-11-03 20:33:30,225 DEBUG [Forwarding maximizeWindow on session 446566d89e461028ccb383e9398a28cb to remote] MainClientExec:103 - Connection discarded
2019-11-03 20:33:30,225 DEBUG [Forwarding maximizeWindow on session 446566d89e461028ccb383e9398a28cb to remote] PoolingHttpClientConnectionManager:320 - Connection released: [id: 2][route: {}->http://localhost:2420][total kept alive: 0; route allocated: 0 of 2000; total allocated: 0 of 2000]
2019-11-03 20:33:30,259 DEBUG [Forwarding getCurrentUrl on session 446566d89e461028ccb383e9398a28cb to remote] RequestAddCookies:122 - CookieSpec selected: default
2019-11-03 20:33:30,259 DEBUG [Forwarding getCurrentUrl on session 446566d89e461028ccb383e9398a28cb to remote] RequestAuthCache:76 - Auth cache not set in the context
2019-11-03 20:33:30,260 DEBUG [Forwarding getCurrentUrl on session 446566d89e461028ccb383e9398a28cb to remote] PoolingHttpClientConnectionManager:249 - Connection request: [route: {}->http://localhost:2420][total kept alive: 0; route allocated: 0 of 2000; total allocated: 0 of 2000]
2019-11-03 20:33:30,260 DEBUG [Forwarding getCurrentUrl on session 446566d89e461028ccb383e9398a28cb to remote] PoolingHttpClientConnectionManager:282 - Connection leased: [id: 3][route: {}->http://localhost:2420][total kept alive: 0; route allocated: 1 of 2000; total allocated: 1 of 2000]
2019-11-03 20:33:30,260 DEBUG [Forwarding getCurrentUrl on session 446566d89e461028ccb383e9398a28cb to remote] MainClientExec:234 - Opening connection {}->http://localhost:2420
2019-11-03 20:33:30,261 DEBUG [Forwarding getCurrentUrl on session 446566d89e461028ccb383e9398a28cb to remote] DefaultHttpClientConnectionOperator:138 - Connecting to localhost/127.0.0.1:2420
2019-11-03 20:33:30,261 DEBUG [Forwarding getCurrentUrl on session 446566d89e461028ccb383e9398a28cb to remote] DefaultHttpClientConnectionOperator:145 - Connection established 127.0.0.1:52621<->127.0.0.1:2420
2019-11-03 20:33:30,261 DEBUG [Forwarding getCurrentUrl on session 446566d89e461028ccb383e9398a28cb to remote] DefaultManagedHttpClientConnection:90 - http-outgoing-3: set socket timeout to 10800000
2019-11-03 20:33:30,261 DEBUG [Forwarding getCurrentUrl on session 446566d89e461028ccb383e9398a28cb to remote] MainClientExec:255 - Executing request GET /session/446566d89e461028ccb383e9398a28cb/url HTTP/1.1
2019-11-03 20:33:30,262 DEBUG [Forwarding getCurrentUrl on session 446566d89e461028ccb383e9398a28cb to remote] MainClientExec:260 - Target auth state: UNCHALLENGED
2019-11-03 20:33:30,262 DEBUG [Forwarding getCurrentUrl on session 446566d89e461028ccb383e9398a28cb to remote] MainClientExec:266 - Proxy auth state: UNCHALLENGED
2019-11-03 20:33:30,262 DEBUG [Forwarding getCurrentUrl on session 446566d89e461028ccb383e9398a28cb to remote] headers:135 - http-outgoing-3 >> GET /session/446566d89e461028ccb383e9398a28cb/url HTTP/1.1
2019-11-03 20:33:30,263 DEBUG [Forwarding getCurrentUrl on session 446566d89e461028ccb383e9398a28cb to remote] headers:138 - http-outgoing-3 >> Cache-Control: no-cache
2019-11-03 20:33:30,263 DEBUG [Forwarding getCurrentUrl on session 446566d89e461028ccb383e9398a28cb to remote] headers:138 - http-outgoing-3 >> Host: localhost:2420
2019-11-03 20:33:30,263 DEBUG [Forwarding getCurrentUrl on session 446566d89e461028ccb383e9398a28cb to remote] headers:138 - http-outgoing-3 >> Connection: Keep-Alive
2019-11-03 20:33:30,263 DEBUG [Forwarding getCurrentUrl on session 446566d89e461028ccb383e9398a28cb to remote] headers:138 - http-outgoing-3 >> User-Agent: Apache-HttpClient/4.5.2 (Java/1.8.0_151)
2019-11-03 20:33:30,263 DEBUG [Forwarding getCurrentUrl on session 446566d89e461028ccb383e9398a28cb to remote] headers:138 - http-outgoing-3 >> Accept-Encoding: gzip,deflate
2019-11-03 20:33:30,263 DEBUG [Forwarding getCurrentUrl on session 446566d89e461028ccb383e9398a28cb to remote] wire:72 - http-outgoing-3 >> "GET /session/446566d89e461028ccb383e9398a28cb/url HTTP/1.1[\r][\n]"
2019-11-03 20:33:30,264 DEBUG [Forwarding getCurrentUrl on session 446566d89e461028ccb383e9398a28cb to remote] wire:72 - http-outgoing-3 >> "Cache-Control: no-cache[\r][\n]"
2019-11-03 20:33:30,264 DEBUG [Forwarding getCurrentUrl on session 446566d89e461028ccb383e9398a28cb to remote] wire:72 - http-outgoing-3 >> "Host: localhost:2420[\r][\n]"
2019-11-03 20:33:30,264 DEBUG [Forwarding getCurrentUrl on session 446566d89e461028ccb383e9398a28cb to remote] wire:72 - http-outgoing-3 >> "Connection: Keep-Alive[\r][\n]"
2019-11-03 20:33:30,264 DEBUG [Forwarding getCurrentUrl on session 446566d89e461028ccb383e9398a28cb to remote] wire:72 - http-outgoing-3 >> "User-Agent: Apache-HttpClient/4.5.2 (Java/1.8.0_151)[\r][\n]"
2019-11-03 20:33:30,264 DEBUG [Forwarding getCurrentUrl on session 446566d89e461028ccb383e9398a28cb to remote] wire:72 - http-outgoing-3 >> "Accept-Encoding: gzip,deflate[\r][\n]"
2019-11-03 20:33:30,265 DEBUG [Forwarding getCurrentUrl on session 446566d89e461028ccb383e9398a28cb to remote] wire:72 - http-outgoing-3 >> "[\r][\n]"
2019-11-03 20:33:30,269 DEBUG [Forwarding getCurrentUrl on session 446566d89e461028ccb383e9398a28cb to remote] wire:72 - http-outgoing-3 << "HTTP/1.1 200 OK[\r][\n]"
2019-11-03 20:33:30,269 DEBUG [Forwarding getCurrentUrl on session 446566d89e461028ccb383e9398a28cb to remote] wire:72 - http-outgoing-3 << "Content-Length:76[\r][\n]"
2019-11-03 20:33:30,269 DEBUG [Forwarding getCurrentUrl on session 446566d89e461028ccb383e9398a28cb to remote] wire:72 - http-outgoing-3 << "Content-Type:application/json; charset=utf-8[\r][\n]"
2019-11-03 20:33:30,269 DEBUG [Forwarding getCurrentUrl on session 446566d89e461028ccb383e9398a28cb to remote] wire:72 - http-outgoing-3 << "Connection:close[\r][\n]"
2019-11-03 20:33:30,270 DEBUG [Forwarding getCurrentUrl on session 446566d89e461028ccb383e9398a28cb to remote] wire:72 - http-outgoing-3 << "[\r][\n]"
2019-11-03 20:33:30,270 DEBUG [Forwarding getCurrentUrl on session 446566d89e461028ccb383e9398a28cb to remote] wire:86 - http-outgoing-3 << "{"sessionId":"446566d89e461028ccb383e9398a28cb","status":0,"value":"data:,"}"
2019-11-03 20:33:30,270 DEBUG [Forwarding getCurrentUrl on session 446566d89e461028ccb383e9398a28cb to remote] headers:124 - http-outgoing-3 << HTTP/1.1 200 OK
2019-11-03 20:33:30,270 DEBUG [Forwarding getCurrentUrl on session 446566d89e461028ccb383e9398a28cb to remote] headers:127 - http-outgoing-3 << Content-Length:76
2019-11-03 20:33:30,271 DEBUG [Forwarding getCurrentUrl on session 446566d89e461028ccb383e9398a28cb to remote] headers:127 - http-outgoing-3 << Content-Type:application/json; charset=utf-8
2019-11-03 20:33:30,271 DEBUG [Forwarding getCurrentUrl on session 446566d89e461028ccb383e9398a28cb to remote] headers:127 - http-outgoing-3 << Connection:close
2019-11-03 20:33:30,271 DEBUG [Forwarding getCurrentUrl on session 446566d89e461028ccb383e9398a28cb to remote] DefaultManagedHttpClientConnection:81 - http-outgoing-3: Close connection
2019-11-03 20:33:30,271 DEBUG [Forwarding getCurrentUrl on session 446566d89e461028ccb383e9398a28cb to remote] MainClientExec:103 - Connection discarded
2019-11-03 20:33:30,272 DEBUG [Forwarding getCurrentUrl on session 446566d89e461028ccb383e9398a28cb to remote] PoolingHttpClientConnectionManager:320 - Connection released: [id: 3][route: {}->http://localhost:2420][total kept alive: 0; route allocated: 0 of 2000; total allocated: 0 of 2000]
2019-11-03 20:33:30,273 DEBUG [Forwarding get on session 446566d89e461028ccb383e9398a28cb to remote] RequestAddCookies:122 - CookieSpec selected: default
2019-11-03 20:33:30,273 DEBUG [Forwarding get on session 446566d89e461028ccb383e9398a28cb to remote] RequestAuthCache:76 - Auth cache not set in the context
2019-11-03 20:33:30,274 DEBUG [Forwarding get on session 446566d89e461028ccb383e9398a28cb to remote] PoolingHttpClientConnectionManager:249 - Connection request: [route: {}->http://localhost:2420][total kept alive: 0; route allocated: 0 of 2000; total allocated: 0 of 2000]
2019-11-03 20:33:30,274 DEBUG [Forwarding get on session 446566d89e461028ccb383e9398a28cb to remote] PoolingHttpClientConnectionManager:282 - Connection leased: [id: 4][route: {}->http://localhost:2420][total kept alive: 0; route allocated: 1 of 2000; total allocated: 1 of 2000]
2019-11-03 20:33:30,274 DEBUG [Forwarding get on session 446566d89e461028ccb383e9398a28cb to remote] MainClientExec:234 - Opening connection {}->http://localhost:2420
2019-11-03 20:33:30,274 DEBUG [Forwarding get on session 446566d89e461028ccb383e9398a28cb to remote] DefaultHttpClientConnectionOperator:138 - Connecting to localhost/127.0.0.1:2420
2019-11-03 20:33:30,275 DEBUG [Forwarding get on session 446566d89e461028ccb383e9398a28cb to remote] DefaultHttpClientConnectionOperator:145 - Connection established 127.0.0.1:52622<->127.0.0.1:2420
2019-11-03 20:33:30,275 DEBUG [Forwarding get on session 446566d89e461028ccb383e9398a28cb to remote] DefaultManagedHttpClientConnection:90 - http-outgoing-4: set socket timeout to 10800000
2019-11-03 20:33:30,275 DEBUG [Forwarding get on session 446566d89e461028ccb383e9398a28cb to remote] MainClientExec:255 - Executing request POST /session/446566d89e461028ccb383e9398a28cb/url HTTP/1.1
2019-11-03 20:33:30,275 DEBUG [Forwarding get on session 446566d89e461028ccb383e9398a28cb to remote] MainClientExec:260 - Target auth state: UNCHALLENGED
2019-11-03 20:33:30,275 DEBUG [Forwarding get on session 446566d89e461028ccb383e9398a28cb to remote] MainClientExec:266 - Proxy auth state: UNCHALLENGED
2019-11-03 20:33:30,276 DEBUG [Forwarding get on session 446566d89e461028ccb383e9398a28cb to remote] headers:135 - http-outgoing-4 >> POST /session/446566d89e461028ccb383e9398a28cb/url HTTP/1.1
2019-11-03 20:33:30,276 DEBUG [Forwarding get on session 446566d89e461028ccb383e9398a28cb to remote] headers:138 - http-outgoing-4 >> Content-Type: application/json; charset=utf-8
2019-11-03 20:33:30,276 DEBUG [Forwarding get on session 446566d89e461028ccb383e9398a28cb to remote] headers:138 - http-outgoing-4 >> Content-Length: 44
2019-11-03 20:33:30,276 DEBUG [Forwarding get on session 446566d89e461028ccb383e9398a28cb to remote] headers:138 - http-outgoing-4 >> Host: localhost:2420
2019-11-03 20:33:30,276 DEBUG [Forwarding get on session 446566d89e461028ccb383e9398a28cb to remote] headers:138 - http-outgoing-4 >> Connection: Keep-Alive
2019-11-03 20:33:30,276 DEBUG [Forwarding get on session 446566d89e461028ccb383e9398a28cb to remote] headers:138 - http-outgoing-4 >> User-Agent: Apache-HttpClient/4.5.2 (Java/1.8.0_151)
2019-11-03 20:33:30,277 DEBUG [Forwarding get on session 446566d89e461028ccb383e9398a28cb to remote] headers:138 - http-outgoing-4 >> Accept-Encoding: gzip,deflate
2019-11-03 20:33:30,277 DEBUG [Forwarding get on session 446566d89e461028ccb383e9398a28cb to remote] wire:72 - http-outgoing-4 >> "POST /session/446566d89e461028ccb383e9398a28cb/url HTTP/1.1[\r][\n]"
2019-11-03 20:33:30,277 DEBUG [Forwarding get on session 446566d89e461028ccb383e9398a28cb to remote] wire:72 - http-outgoing-4 >> "Content-Type: application/json; charset=utf-8[\r][\n]"
2019-11-03 20:33:30,277 DEBUG [Forwarding get on session 446566d89e461028ccb383e9398a28cb to remote] wire:72 - http-outgoing-4 >> "Content-Length: 44[\r][\n]"
2019-11-03 20:33:30,277 DEBUG [Forwarding get on session 446566d89e461028ccb383e9398a28cb to remote] wire:72 - http-outgoing-4 >> "Host: localhost:2420[\r][\n]"
2019-11-03 20:33:30,278 DEBUG [Forwarding get on session 446566d89e461028ccb383e9398a28cb to remote] wire:72 - http-outgoing-4 >> "Connection: Keep-Alive[\r][\n]"
2019-11-03 20:33:30,278 DEBUG [Forwarding get on session 446566d89e461028ccb383e9398a28cb to remote] wire:72 - http-outgoing-4 >> "User-Agent: Apache-HttpClient/4.5.2 (Java/1.8.0_151)[\r][\n]"
2019-11-03 20:33:30,278 DEBUG [Forwarding get on session 446566d89e461028ccb383e9398a28cb to remote] wire:72 - http-outgoing-4 >> "Accept-Encoding: gzip,deflate[\r][\n]"
2019-11-03 20:33:30,278 DEBUG [Forwarding get on session 446566d89e461028ccb383e9398a28cb to remote] wire:72 - http-outgoing-4 >> "[\r][\n]"
2019-11-03 20:33:30,278 DEBUG [Forwarding get on session 446566d89e461028ccb383e9398a28cb to remote] wire:86 - http-outgoing-4 >> "{"url":"https://www.google.com/?gws_rd=ssl"}"
2019-11-03 20:33:34,369 DEBUG [Forwarding get on session 446566d89e461028ccb383e9398a28cb to remote] wire:72 - http-outgoing-4 << "HTTP/1.1 200 OK[\r][\n]"
2019-11-03 20:33:34,370 DEBUG [Forwarding get on session 446566d89e461028ccb383e9398a28cb to remote] wire:72 - http-outgoing-4 << "Content-Length:72[\r][\n]"
2019-11-03 20:33:34,370 DEBUG [Forwarding get on session 446566d89e461028ccb383e9398a28cb to remote] wire:72 - http-outgoing-4 << "Content-Type:application/json; charset=utf-8[\r][\n]"
2019-11-03 20:33:34,371 DEBUG [Forwarding get on session 446566d89e461028ccb383e9398a28cb to remote] wire:72 - http-outgoing-4 << "Connection:close[\r][\n]"
2019-11-03 20:33:34,371 DEBUG [Forwarding get on session 446566d89e461028ccb383e9398a28cb to remote] wire:72 - http-outgoing-4 << "[\r][\n]"
2019-11-03 20:33:34,372 DEBUG [Forwarding get on session 446566d89e461028ccb383e9398a28cb to remote] wire:86 - http-outgoing-4 << "{"sessionId":"446566d89e461028ccb383e9398a28cb","status":0,"value":null}"
2019-11-03 20:33:34,372 DEBUG [Forwarding get on session 446566d89e461028ccb383e9398a28cb to remote] headers:124 - http-outgoing-4 << HTTP/1.1 200 OK
2019-11-03 20:33:34,373 DEBUG [Forwarding get on session 446566d89e461028ccb383e9398a28cb to remote] headers:127 - http-outgoing-4 << Content-Length:72
2019-11-03 20:33:34,373 DEBUG [Forwarding get on session 446566d89e461028ccb383e9398a28cb to remote] headers:127 - http-outgoing-4 << Content-Type:application/json; charset=utf-8
2019-11-03 20:33:34,373 DEBUG [Forwarding get on session 446566d89e461028ccb383e9398a28cb to remote] headers:127 - http-outgoing-4 << Connection:close
2019-11-03 20:33:34,383 DEBUG [Forwarding get on session 446566d89e461028ccb383e9398a28cb to remote] DefaultManagedHttpClientConnection:81 - http-outgoing-4: Close connection
2019-11-03 20:33:34,384 DEBUG [Forwarding get on session 446566d89e461028ccb383e9398a28cb to remote] MainClientExec:103 - Connection discarded
2019-11-03 20:33:34,384 DEBUG [Forwarding get on session 446566d89e461028ccb383e9398a28cb to remote] PoolingHttpClientConnectionManager:320 - Connection released: [id: 4][route: {}->http://localhost:2420][total kept alive: 0; route allocated: 0 of 2000; total allocated: 0 of 2000]
2019-11-03 20:33:34,387 DEBUG [Forwarding getCurrentUrl on session 446566d89e461028ccb383e9398a28cb to remote] RequestAddCookies:122 - CookieSpec selected: default
2019-11-03 20:33:34,388 DEBUG [Forwarding getCurrentUrl on session 446566d89e461028ccb383e9398a28cb to remote] RequestAuthCache:76 - Auth cache not set in the context
2019-11-03 20:33:34,389 DEBUG [Forwarding getCurrentUrl on session 446566d89e461028ccb383e9398a28cb to remote] PoolingHttpClientConnectionManager:249 - Connection request: [route: {}->http://localhost:2420][total kept alive: 0; route allocated: 0 of 2000; total allocated: 0 of 2000]
2019-11-03 20:33:34,391 DEBUG [Forwarding getCurrentUrl on session 446566d89e461028ccb383e9398a28cb to remote] PoolingHttpClientConnectionManager:282 - Connection leased: [id: 5][route: {}->http://localhost:2420][total kept alive: 0; route allocated: 1 of 2000; total allocated: 1 of 2000]
2019-11-03 20:33:34,392 DEBUG [Forwarding getCurrentUrl on session 446566d89e461028ccb383e9398a28cb to remote] MainClientExec:234 - Opening connection {}->http://localhost:2420
2019-11-03 20:33:34,392 DEBUG [Forwarding getCurrentUrl on session 446566d89e461028ccb383e9398a28cb to remote] DefaultHttpClientConnectionOperator:138 - Connecting to localhost/127.0.0.1:2420
2019-11-03 20:33:34,393 DEBUG [Forwarding getCurrentUrl on session 446566d89e461028ccb383e9398a28cb to remote] DefaultHttpClientConnectionOperator:145 - Connection established 127.0.0.1:52635<->127.0.0.1:2420
2019-11-03 20:33:34,393 DEBUG [Forwarding getCurrentUrl on session 446566d89e461028ccb383e9398a28cb to remote] DefaultManagedHttpClientConnection:90 - http-outgoing-5: set socket timeout to 10800000
2019-11-03 20:33:34,393 DEBUG [Forwarding getCurrentUrl on session 446566d89e461028ccb383e9398a28cb to remote] MainClientExec:255 - Executing request GET /session/446566d89e461028ccb383e9398a28cb/url HTTP/1.1
2019-11-03 20:33:34,394 DEBUG [Forwarding getCurrentUrl on session 446566d89e461028ccb383e9398a28cb to remote] MainClientExec:260 - Target auth state: UNCHALLENGED
2019-11-03 20:33:34,394 DEBUG [Forwarding getCurrentUrl on session 446566d89e461028ccb383e9398a28cb to remote] MainClientExec:266 - Proxy auth state: UNCHALLENGED
2019-11-03 20:33:34,394 DEBUG [Forwarding getCurrentUrl on session 446566d89e461028ccb383e9398a28cb to remote] headers:135 - http-outgoing-5 >> GET /session/446566d89e461028ccb383e9398a28cb/url HTTP/1.1
2019-11-03 20:33:34,395 DEBUG [Forwarding getCurrentUrl on session 446566d89e461028ccb383e9398a28cb to remote] headers:138 - http-outgoing-5 >> Cache-Control: no-cache
2019-11-03 20:33:34,395 DEBUG [Forwarding getCurrentUrl on session 446566d89e461028ccb383e9398a28cb to remote] headers:138 - http-outgoing-5 >> Host: localhost:2420
2019-11-03 20:33:34,395 DEBUG [Forwarding getCurrentUrl on session 446566d89e461028ccb383e9398a28cb to remote] headers:138 - http-outgoing-5 >> Connection: Keep-Alive
2019-11-03 20:33:34,395 DEBUG [Forwarding getCurrentUrl on session 446566d89e461028ccb383e9398a28cb to remote] headers:138 - http-outgoing-5 >> User-Agent: Apache-HttpClient/4.5.2 (Java/1.8.0_151)
2019-11-03 20:33:34,395 DEBUG [Forwarding getCurrentUrl on session 446566d89e461028ccb383e9398a28cb to remote] headers:138 - http-outgoing-5 >> Accept-Encoding: gzip,deflate
2019-11-03 20:33:34,395 DEBUG [Forwarding getCurrentUrl on session 446566d89e461028ccb383e9398a28cb to remote] wire:72 - http-outgoing-5 >> "GET /session/446566d89e461028ccb383e9398a28cb/url HTTP/1.1[\r][\n]"
2019-11-03 20:33:34,396 DEBUG [Forwarding getCurrentUrl on session 446566d89e461028ccb383e9398a28cb to remote] wire:72 - http-outgoing-5 >> "Cache-Control: no-cache[\r][\n]"
2019-11-03 20:33:34,396 DEBUG [Forwarding getCurrentUrl on session 446566d89e461028ccb383e9398a28cb to remote] wire:72 - http-outgoing-5 >> "Host: localhost:2420[\r][\n]"
2019-11-03 20:33:34,396 DEBUG [Forwarding getCurrentUrl on session 446566d89e461028ccb383e9398a28cb to remote] wire:72 - http-outgoing-5 >> "Connection: Keep-Alive[\r][\n]"
2019-11-03 20:33:34,396 DEBUG [Forwarding getCurrentUrl on session 446566d89e461028ccb383e9398a28cb to remote] wire:72 - http-outgoing-5 >> "User-Agent: Apache-HttpClient/4.5.2 (Java/1.8.0_151)[\r][\n]"
2019-11-03 20:33:34,396 DEBUG [Forwarding getCurrentUrl on session 446566d89e461028ccb383e9398a28cb to remote] wire:72 - http-outgoing-5 >> "Accept-Encoding: gzip,deflate[\r][\n]"
2019-11-03 20:33:34,397 DEBUG [Forwarding getCurrentUrl on session 446566d89e461028ccb383e9398a28cb to remote] wire:72 - http-outgoing-5 >> "[\r][\n]"
2019-11-03 20:33:34,419 DEBUG [Forwarding getCurrentUrl on session 446566d89e461028ccb383e9398a28cb to remote] wire:72 - http-outgoing-5 << "HTTP/1.1 200 OK[\r][\n]"
2019-11-03 20:33:34,420 DEBUG [Forwarding getCurrentUrl on session 446566d89e461028ccb383e9398a28cb to remote] wire:72 - http-outgoing-5 << "Content-Length:104[\r][\n]"
2019-11-03 20:33:34,420 DEBUG [Forwarding getCurrentUrl on session 446566d89e461028ccb383e9398a28cb to remote] wire:72 - http-outgoing-5 << "Content-Type:application/json; charset=utf-8[\r][\n]"
2019-11-03 20:33:34,420 DEBUG [Forwarding getCurrentUrl on session 446566d89e461028ccb383e9398a28cb to remote] wire:72 - http-outgoing-5 << "Connection:close[\r][\n]"
2019-11-03 20:33:34,420 DEBUG [Forwarding getCurrentUrl on session 446566d89e461028ccb383e9398a28cb to remote] wire:72 - http-outgoing-5 << "[\r][\n]"
2019-11-03 20:33:34,420 DEBUG [Forwarding getCurrentUrl on session 446566d89e461028ccb383e9398a28cb to remote] wire:86 - http-outgoing-5 << "{"sessionId":"446566d89e461028ccb383e9398a28cb","status":0,"value":"https://www.google.com/?gws_rd=ssl"}"
2019-11-03 20:33:34,421 DEBUG [Forwarding getCurrentUrl on session 446566d89e461028ccb383e9398a28cb to remote] headers:124 - http-outgoing-5 << HTTP/1.1 200 OK
2019-11-03 20:33:34,421 DEBUG [Forwarding getCurrentUrl on session 446566d89e461028ccb383e9398a28cb to remote] headers:127 - http-outgoing-5 << Content-Length:104
2019-11-03 20:33:34,421 DEBUG [Forwarding getCurrentUrl on session 446566d89e461028ccb383e9398a28cb to remote] headers:127 - http-outgoing-5 << Content-Type:application/json; charset=utf-8
2019-11-03 20:33:34,421 DEBUG [Forwarding getCurrentUrl on session 446566d89e461028ccb383e9398a28cb to remote] headers:127 - http-outgoing-5 << Connection:close
2019-11-03 20:33:34,422 DEBUG [Forwarding getCurrentUrl on session 446566d89e461028ccb383e9398a28cb to remote] DefaultManagedHttpClientConnection:81 - http-outgoing-5: Close connection
2019-11-03 20:33:34,422 DEBUG [Forwarding getCurrentUrl on session 446566d89e461028ccb383e9398a28cb to remote] MainClientExec:103 - Connection discarded
2019-11-03 20:33:34,422 DEBUG [Forwarding getCurrentUrl on session 446566d89e461028ccb383e9398a28cb to remote] PoolingHttpClientConnectionManager:320 - Connection released: [id: 5][route: {}->http://localhost:2420][total kept alive: 0; route allocated: 0 of 2000; total allocated: 0 of 2000]
2019-11-03 20:33:34,424 DEBUG [Forwarding findElement on session 446566d89e461028ccb383e9398a28cb to remote] RequestAddCookies:122 - CookieSpec selected: default
2019-11-03 20:33:34,424 DEBUG [Forwarding findElement on session 446566d89e461028ccb383e9398a28cb to remote] RequestAuthCache:76 - Auth cache not set in the context
2019-11-03 20:33:34,424 DEBUG [Forwarding findElement on session 446566d89e461028ccb383e9398a28cb to remote] PoolingHttpClientConnectionManager:249 - Connection request: [route: {}->http://localhost:2420][total kept alive: 0; route allocated: 0 of 2000; total allocated: 0 of 2000]
2019-11-03 20:33:34,425 DEBUG [Forwarding findElement on session 446566d89e461028ccb383e9398a28cb to remote] PoolingHttpClientConnectionManager:282 - Connection leased: [id: 6][route: {}->http://localhost:2420][total kept alive: 0; route allocated: 1 of 2000; total allocated: 1 of 2000]
2019-11-03 20:33:34,425 DEBUG [Forwarding findElement on session 446566d89e461028ccb383e9398a28cb to remote] MainClientExec:234 - Opening connection {}->http://localhost:2420
2019-11-03 20:33:34,426 DEBUG [Forwarding findElement on session 446566d89e461028ccb383e9398a28cb to remote] DefaultHttpClientConnectionOperator:138 - Connecting to localhost/127.0.0.1:2420
2019-11-03 20:33:34,426 DEBUG [Forwarding findElement on session 446566d89e461028ccb383e9398a28cb to remote] DefaultHttpClientConnectionOperator:145 - Connection established 127.0.0.1:52638<->127.0.0.1:2420
2019-11-03 20:33:34,427 DEBUG [Forwarding findElement on session 446566d89e461028ccb383e9398a28cb to remote] DefaultManagedHttpClientConnection:90 - http-outgoing-6: set socket timeout to 10800000
2019-11-03 20:33:34,427 DEBUG [Forwarding findElement on session 446566d89e461028ccb383e9398a28cb to remote] MainClientExec:255 - Executing request POST /session/446566d89e461028ccb383e9398a28cb/element HTTP/1.1
2019-11-03 20:33:34,427 DEBUG [Forwarding findElement on session 446566d89e461028ccb383e9398a28cb to remote] MainClientExec:260 - Target auth state: UNCHALLENGED
2019-11-03 20:33:34,427 DEBUG [Forwarding findElement on session 446566d89e461028ccb383e9398a28cb to remote] MainClientExec:266 - Proxy auth state: UNCHALLENGED
2019-11-03 20:33:34,427 DEBUG [Forwarding findElement on session 446566d89e461028ccb383e9398a28cb to remote] headers:135 - http-outgoing-6 >> POST /session/446566d89e461028ccb383e9398a28cb/element HTTP/1.1
2019-11-03 20:33:34,428 DEBUG [Forwarding findElement on session 446566d89e461028ccb383e9398a28cb to remote] headers:138 - http-outgoing-6 >> Content-Type: application/json; charset=utf-8
2019-11-03 20:33:34,428 DEBUG [Forwarding findElement on session 446566d89e461028ccb383e9398a28cb to remote] headers:138 - http-outgoing-6 >> Content-Length: 50
2019-11-03 20:33:34,428 DEBUG [Forwarding findElement on session 446566d89e461028ccb383e9398a28cb to remote] headers:138 - http-outgoing-6 >> Host: localhost:2420
2019-11-03 20:33:34,428 DEBUG [Forwarding findElement on session 446566d89e461028ccb383e9398a28cb to remote] headers:138 - http-outgoing-6 >> Connection: Keep-Alive
2019-11-03 20:33:34,428 DEBUG [Forwarding findElement on session 446566d89e461028ccb383e9398a28cb to remote] headers:138 - http-outgoing-6 >> User-Agent: Apache-HttpClient/4.5.2 (Java/1.8.0_151)
2019-11-03 20:33:34,429 DEBUG [Forwarding findElement on session 446566d89e461028ccb383e9398a28cb to remote] headers:138 - http-outgoing-6 >> Accept-Encoding: gzip,deflate
2019-11-03 20:33:34,429 DEBUG [Forwarding findElement on session 446566d89e461028ccb383e9398a28cb to remote] wire:72 - http-outgoing-6 >> "POST /session/446566d89e461028ccb383e9398a28cb/element HTTP/1.1[\r][\n]"
2019-11-03 20:33:34,429 DEBUG [Forwarding findElement on session 446566d89e461028ccb383e9398a28cb to remote] wire:72 - http-outgoing-6 >> "Content-Type: application/json; charset=utf-8[\r][\n]"
2019-11-03 20:33:34,429 DEBUG [Forwarding findElement on session 446566d89e461028ccb383e9398a28cb to remote] wire:72 - http-outgoing-6 >> "Content-Length: 50[\r][\n]"
2019-11-03 20:33:34,429 DEBUG [Forwarding findElement on session 446566d89e461028ccb383e9398a28cb to remote] wire:72 - http-outgoing-6 >> "Host: localhost:2420[\r][\n]"
2019-11-03 20:33:34,429 DEBUG [Forwarding findElement on session 446566d89e461028ccb383e9398a28cb to remote] wire:72 - http-outgoing-6 >> "Connection: Keep-Alive[\r][\n]"
2019-11-03 20:33:34,430 DEBUG [Forwarding findElement on session 446566d89e461028ccb383e9398a28cb to remote] wire:72 - http-outgoing-6 >> "User-Agent: Apache-HttpClient/4.5.2 (Java/1.8.0_151)[\r][\n]"
2019-11-03 20:33:34,430 DEBUG [Forwarding findElement on session 446566d89e461028ccb383e9398a28cb to remote] wire:72 - http-outgoing-6 >> "Accept-Encoding: gzip,deflate[\r][\n]"
2019-11-03 20:33:34,430 DEBUG [Forwarding findElement on session 446566d89e461028ccb383e9398a28cb to remote] wire:72 - http-outgoing-6 >> "[\r][\n]"
2019-11-03 20:33:34,430 DEBUG [Forwarding findElement on session 446566d89e461028ccb383e9398a28cb to remote] wire:86 - http-outgoing-6 >> "{"using":"xpath","value":"//div/a[@class='gb_e']"}"
2019-11-03 20:33:34,454 DEBUG [Forwarding findElement on session 446566d89e461028ccb383e9398a28cb to remote] wire:72 - http-outgoing-6 << "HTTP/1.1 200 OK[\r][\n]"
2019-11-03 20:33:34,454 DEBUG [Forwarding findElement on session 446566d89e461028ccb383e9398a28cb to remote] wire:72 - http-outgoing-6 << "Content-Length:102[\r][\n]"
2019-11-03 20:33:34,455 DEBUG [Forwarding findElement on session 446566d89e461028ccb383e9398a28cb to remote] wire:72 - http-outgoing-6 << "Content-Type:application/json; charset=utf-8[\r][\n]"
2019-11-03 20:33:34,455 DEBUG [Forwarding findElement on session 446566d89e461028ccb383e9398a28cb to remote] wire:72 - http-outgoing-6 << "Connection:close[\r][\n]"
2019-11-03 20:33:34,455 DEBUG [Forwarding findElement on session 446566d89e461028ccb383e9398a28cb to remote] wire:72 - http-outgoing-6 << "[\r][\n]"
2019-11-03 20:33:34,455 DEBUG [Forwarding findElement on session 446566d89e461028ccb383e9398a28cb to remote] wire:86 - http-outgoing-6 << "{"sessionId":"446566d89e461028ccb383e9398a28cb","status":0,"value":{"ELEMENT":"0.6904946839431856-1"}}"
2019-11-03 20:33:34,455 DEBUG [Forwarding findElement on session 446566d89e461028ccb383e9398a28cb to remote] headers:124 - http-outgoing-6 << HTTP/1.1 200 OK
2019-11-03 20:33:34,456 DEBUG [Forwarding findElement on session 446566d89e461028ccb383e9398a28cb to remote] headers:127 - http-outgoing-6 << Content-Length:102
2019-11-03 20:33:34,456 DEBUG [Forwarding findElement on session 446566d89e461028ccb383e9398a28cb to remote] headers:127 - http-outgoing-6 << Content-Type:application/json; charset=utf-8
2019-11-03 20:33:34,456 DEBUG [Forwarding findElement on session 446566d89e461028ccb383e9398a28cb to remote] headers:127 - http-outgoing-6 << Connection:close
2019-11-03 20:33:34,456 DEBUG [Forwarding findElement on session 446566d89e461028ccb383e9398a28cb to remote] DefaultManagedHttpClientConnection:81 - http-outgoing-6: Close connection
2019-11-03 20:33:34,456 DEBUG [Forwarding findElement on session 446566d89e461028ccb383e9398a28cb to remote] MainClientExec:103 - Connection discarded
2019-11-03 20:33:34,457 DEBUG [Forwarding findElement on session 446566d89e461028ccb383e9398a28cb to remote] PoolingHttpClientConnectionManager:320 - Connection released: [id: 6][route: {}->http://localhost:2420][total kept alive: 0; route allocated: 0 of 2000; total allocated: 0 of 2000]
2019-11-03 20:33:34,499 DEBUG [Forwarding getElementText on session 446566d89e461028ccb383e9398a28cb to remote] RequestAddCookies:122 - CookieSpec selected: default
2019-11-03 20:33:34,499 DEBUG [Forwarding getElementText on session 446566d89e461028ccb383e9398a28cb to remote] RequestAuthCache:76 - Auth cache not set in the context
2019-11-03 20:33:34,500 DEBUG [Forwarding getElementText on session 446566d89e461028ccb383e9398a28cb to remote] PoolingHttpClientConnectionManager:249 - Connection request: [route: {}->http://localhost:2420][total kept alive: 0; route allocated: 0 of 2000; total allocated: 0 of 2000]
2019-11-03 20:33:34,500 DEBUG [Forwarding getElementText on session 446566d89e461028ccb383e9398a28cb to remote] PoolingHttpClientConnectionManager:282 - Connection leased: [id: 7][route: {}->http://localhost:2420][total kept alive: 0; route allocated: 1 of 2000; total allocated: 1 of 2000]
2019-11-03 20:33:34,500 DEBUG [Forwarding getElementText on session 446566d89e461028ccb383e9398a28cb to remote] MainClientExec:234 - Opening connection {}->http://localhost:2420
2019-11-03 20:33:34,500 DEBUG [Forwarding getElementText on session 446566d89e461028ccb383e9398a28cb to remote] DefaultHttpClientConnectionOperator:138 - Connecting to localhost/127.0.0.1:2420
2019-11-03 20:33:34,501 DEBUG [Forwarding getElementText on session 446566d89e461028ccb383e9398a28cb to remote] DefaultHttpClientConnectionOperator:145 - Connection established 127.0.0.1:52639<->127.0.0.1:2420
2019-11-03 20:33:34,501 DEBUG [Forwarding getElementText on session 446566d89e461028ccb383e9398a28cb to remote] DefaultManagedHttpClientConnection:90 - http-outgoing-7: set socket timeout to 10800000
2019-11-03 20:33:34,501 DEBUG [Forwarding getElementText on session 446566d89e461028ccb383e9398a28cb to remote] MainClientExec:255 - Executing request GET /session/446566d89e461028ccb383e9398a28cb/element/0.6904946839431856-1/text HTTP/1.1
2019-11-03 20:33:34,502 DEBUG [Forwarding getElementText on session 446566d89e461028ccb383e9398a28cb to remote] MainClientExec:260 - Target auth state: UNCHALLENGED
2019-11-03 20:33:34,502 DEBUG [Forwarding getElementText on session 446566d89e461028ccb383e9398a28cb to remote] MainClientExec:266 - Proxy auth state: UNCHALLENGED
2019-11-03 20:33:34,502 DEBUG [Forwarding getElementText on session 446566d89e461028ccb383e9398a28cb to remote] headers:135 - http-outgoing-7 >> GET /session/446566d89e461028ccb383e9398a28cb/element/0.6904946839431856-1/text HTTP/1.1
2019-11-03 20:33:34,502 DEBUG [Forwarding getElementText on session 446566d89e461028ccb383e9398a28cb to remote] headers:138 - http-outgoing-7 >> Cache-Control: no-cache
2019-11-03 20:33:34,503 DEBUG [Forwarding getElementText on session 446566d89e461028ccb383e9398a28cb to remote] headers:138 - http-outgoing-7 >> Host: localhost:2420
2019-11-03 20:33:34,503 DEBUG [Forwarding getElementText on session 446566d89e461028ccb383e9398a28cb to remote] headers:138 - http-outgoing-7 >> Connection: Keep-Alive
2019-11-03 20:33:34,503 DEBUG [Forwarding getElementText on session 446566d89e461028ccb383e9398a28cb to remote] headers:138 - http-outgoing-7 >> User-Agent: Apache-HttpClient/4.5.2 (Java/1.8.0_151)
2019-11-03 20:33:34,503 DEBUG [Forwarding getElementText on session 446566d89e461028ccb383e9398a28cb to remote] headers:138 - http-outgoing-7 >> Accept-Encoding: gzip,deflate
2019-11-03 20:33:34,503 DEBUG [Forwarding getElementText on session 446566d89e461028ccb383e9398a28cb to remote] wire:72 - http-outgoing-7 >> "GET /session/446566d89e461028ccb383e9398a28cb/element/0.6904946839431856-1/text HTTP/1.1[\r][\n]"
2019-11-03 20:33:34,504 DEBUG [Forwarding getElementText on session 446566d89e461028ccb383e9398a28cb to remote] wire:72 - http-outgoing-7 >> "Cache-Control: no-cache[\r][\n]"
2019-11-03 20:33:34,510 DEBUG [Forwarding getElementText on session 446566d89e461028ccb383e9398a28cb to remote] wire:72 - http-outgoing-7 >> "Host: localhost:2420[\r][\n]"
2019-11-03 20:33:34,511 DEBUG [Forwarding getElementText on session 446566d89e461028ccb383e9398a28cb to remote] wire:72 - http-outgoing-7 >> "Connection: Keep-Alive[\r][\n]"
2019-11-03 20:33:34,511 DEBUG [Forwarding getElementText on session 446566d89e461028ccb383e9398a28cb to remote] wire:72 - http-outgoing-7 >> "User-Agent: Apache-HttpClient/4.5.2 (Java/1.8.0_151)[\r][\n]"
2019-11-03 20:33:34,511 DEBUG [Forwarding getElementText on session 446566d89e461028ccb383e9398a28cb to remote] wire:72 - http-outgoing-7 >> "Accept-Encoding: gzip,deflate[\r][\n]"
2019-11-03 20:33:34,511 DEBUG [Forwarding getElementText on session 446566d89e461028ccb383e9398a28cb to remote] wire:72 - http-outgoing-7 >> "[\r][\n]"
2019-11-03 20:33:34,560 DEBUG [Forwarding getElementText on session 446566d89e461028ccb383e9398a28cb to remote] wire:72 - http-outgoing-7 << "HTTP/1.1 200 OK[\r][\n]"
2019-11-03 20:33:34,561 DEBUG [Forwarding getElementText on session 446566d89e461028ccb383e9398a28cb to remote] wire:72 - http-outgoing-7 << "Content-Length:75[\r][\n]"
2019-11-03 20:33:34,561 DEBUG [Forwarding getElementText on session 446566d89e461028ccb383e9398a28cb to remote] wire:72 - http-outgoing-7 << "Content-Type:application/json; charset=utf-8[\r][\n]"
2019-11-03 20:33:34,561 DEBUG [Forwarding getElementText on session 446566d89e461028ccb383e9398a28cb to remote] wire:72 - http-outgoing-7 << "Connection:close[\r][\n]"
2019-11-03 20:33:34,561 DEBUG [Forwarding getElementText on session 446566d89e461028ccb383e9398a28cb to remote] wire:72 - http-outgoing-7 << "[\r][\n]"
2019-11-03 20:33:34,562 DEBUG [Forwarding getElementText on session 446566d89e461028ccb383e9398a28cb to remote] wire:86 - http-outgoing-7 << "{"sessionId":"446566d89e461028ccb383e9398a28cb","status":0,"value":"Gmail"}"
2019-11-03 20:33:34,562 DEBUG [Forwarding getElementText on session 446566d89e461028ccb383e9398a28cb to remote] headers:124 - http-outgoing-7 << HTTP/1.1 200 OK
2019-11-03 20:33:34,562 DEBUG [Forwarding getElementText on session 446566d89e461028ccb383e9398a28cb to remote] headers:127 - http-outgoing-7 << Content-Length:75
2019-11-03 20:33:34,562 DEBUG [Forwarding getElementText on session 446566d89e461028ccb383e9398a28cb to remote] headers:127 - http-outgoing-7 << Content-Type:application/json; charset=utf-8
2019-11-03 20:33:34,562 DEBUG [Forwarding getElementText on session 446566d89e461028ccb383e9398a28cb to remote] headers:127 - http-outgoing-7 << Connection:close
2019-11-03 20:33:34,563 DEBUG [Forwarding getElementText on session 446566d89e461028ccb383e9398a28cb to remote] DefaultManagedHttpClientConnection:81 - http-outgoing-7: Close connection
2019-11-03 20:33:34,563 DEBUG [Forwarding getElementText on session 446566d89e461028ccb383e9398a28cb to remote] MainClientExec:103 - Connection discarded
2019-11-03 20:33:34,563 DEBUG [Forwarding getElementText on session 446566d89e461028ccb383e9398a28cb to remote] PoolingHttpClientConnectionManager:320 - Connection released: [id: 7][route: {}->http://localhost:2420][total kept alive: 0; route allocated: 0 of 2000; total allocated: 0 of 2000]
2019-11-03 20:33:34,565 DEBUG [Forwarding clickElement on session 446566d89e461028ccb383e9398a28cb to remote] RequestAddCookies:122 - CookieSpec selected: default
2019-11-03 20:33:34,565 DEBUG [Forwarding clickElement on session 446566d89e461028ccb383e9398a28cb to remote] RequestAuthCache:76 - Auth cache not set in the context
2019-11-03 20:33:34,568 DEBUG [Forwarding clickElement on session 446566d89e461028ccb383e9398a28cb to remote] PoolingHttpClientConnectionManager:249 - Connection request: [route: {}->http://localhost:2420][total kept alive: 0; route allocated: 0 of 2000; total allocated: 0 of 2000]
2019-11-03 20:33:34,569 DEBUG [Forwarding clickElement on session 446566d89e461028ccb383e9398a28cb to remote] PoolingHttpClientConnectionManager:282 - Connection leased: [id: 8][route: {}->http://localhost:2420][total kept alive: 0; route allocated: 1 of 2000; total allocated: 1 of 2000]
2019-11-03 20:33:34,569 DEBUG [Forwarding clickElement on session 446566d89e461028ccb383e9398a28cb to remote] MainClientExec:234 - Opening connection {}->http://localhost:2420
2019-11-03 20:33:34,570 DEBUG [Forwarding clickElement on session 446566d89e461028ccb383e9398a28cb to remote] DefaultHttpClientConnectionOperator:138 - Connecting to localhost/127.0.0.1:2420
2019-11-03 20:33:34,570 DEBUG [Forwarding clickElement on session 446566d89e461028ccb383e9398a28cb to remote] DefaultHttpClientConnectionOperator:145 - Connection established 127.0.0.1:52640<->127.0.0.1:2420
2019-11-03 20:33:34,570 DEBUG [Forwarding clickElement on session 446566d89e461028ccb383e9398a28cb to remote] DefaultManagedHttpClientConnection:90 - http-outgoing-8: set socket timeout to 10800000
2019-11-03 20:33:34,571 DEBUG [Forwarding clickElement on session 446566d89e461028ccb383e9398a28cb to remote] MainClientExec:255 - Executing request POST /session/446566d89e461028ccb383e9398a28cb/element/0.6904946839431856-1/click HTTP/1.1
2019-11-03 20:33:34,571 DEBUG [Forwarding clickElement on session 446566d89e461028ccb383e9398a28cb to remote] MainClientExec:260 - Target auth state: UNCHALLENGED
2019-11-03 20:33:34,571 DEBUG [Forwarding clickElement on session 446566d89e461028ccb383e9398a28cb to remote] MainClientExec:266 - Proxy auth state: UNCHALLENGED
2019-11-03 20:33:34,571 DEBUG [Forwarding clickElement on session 446566d89e461028ccb383e9398a28cb to remote] headers:135 - http-outgoing-8 >> POST /session/446566d89e461028ccb383e9398a28cb/element/0.6904946839431856-1/click HTTP/1.1
2019-11-03 20:33:34,571 DEBUG [Forwarding clickElement on session 446566d89e461028ccb383e9398a28cb to remote] headers:138 - http-outgoing-8 >> Content-Type: application/json; charset=utf-8
2019-11-03 20:33:34,571 DEBUG [Forwarding clickElement on session 446566d89e461028ccb383e9398a28cb to remote] headers:138 - http-outgoing-8 >> Content-Length: 29
2019-11-03 20:33:34,572 DEBUG [Forwarding clickElement on session 446566d89e461028ccb383e9398a28cb to remote] headers:138 - http-outgoing-8 >> Host: localhost:2420
2019-11-03 20:33:34,572 DEBUG [Forwarding clickElement on session 446566d89e461028ccb383e9398a28cb to remote] headers:138 - http-outgoing-8 >> Connection: Keep-Alive
2019-11-03 20:33:34,572 DEBUG [Forwarding clickElement on session 446566d89e461028ccb383e9398a28cb to remote] headers:138 - http-outgoing-8 >> User-Agent: Apache-HttpClient/4.5.2 (Java/1.8.0_151)
2019-11-03 20:33:34,572 DEBUG [Forwarding clickElement on session 446566d89e461028ccb383e9398a28cb to remote] headers:138 - http-outgoing-8 >> Accept-Encoding: gzip,deflate
2019-11-03 20:33:34,572 DEBUG [Forwarding clickElement on session 446566d89e461028ccb383e9398a28cb to remote] wire:72 - http-outgoing-8 >> "POST /session/446566d89e461028ccb383e9398a28cb/element/0.6904946839431856-1/click HTTP/1.1[\r][\n]"
2019-11-03 20:33:34,572 DEBUG [Forwarding clickElement on session 446566d89e461028ccb383e9398a28cb to remote] wire:72 - http-outgoing-8 >> "Content-Type: application/json; charset=utf-8[\r][\n]"
2019-11-03 20:33:34,573 DEBUG [Forwarding clickElement on session 446566d89e461028ccb383e9398a28cb to remote] wire:72 - http-outgoing-8 >> "Content-Length: 29[\r][\n]"
2019-11-03 20:33:34,573 DEBUG [Forwarding clickElement on session 446566d89e461028ccb383e9398a28cb to remote] wire:72 - http-outgoing-8 >> "Host: localhost:2420[\r][\n]"
2019-11-03 20:33:34,573 DEBUG [Forwarding clickElement on session 446566d89e461028ccb383e9398a28cb to remote] wire:72 - http-outgoing-8 >> "Connection: Keep-Alive[\r][\n]"
2019-11-03 20:33:34,573 DEBUG [Forwarding clickElement on session 446566d89e461028ccb383e9398a28cb to remote] wire:72 - http-outgoing-8 >> "User-Agent: Apache-HttpClient/4.5.2 (Java/1.8.0_151)[\r][\n]"
2019-11-03 20:33:34,573 DEBUG [Forwarding clickElement on session 446566d89e461028ccb383e9398a28cb to remote] wire:72 - http-outgoing-8 >> "Accept-Encoding: gzip,deflate[\r][\n]"
2019-11-03 20:33:34,573 DEBUG [Forwarding clickElement on session 446566d89e461028ccb383e9398a28cb to remote] wire:72 - http-outgoing-8 >> "[\r][\n]"
2019-11-03 20:33:34,573 DEBUG [Forwarding clickElement on session 446566d89e461028ccb383e9398a28cb to remote] wire:86 - http-outgoing-8 >> "{"id":"0.6904946839431856-1"}"
2019-11-03 20:33:38,325 DEBUG [Forwarding clickElement on session 446566d89e461028ccb383e9398a28cb to remote] wire:72 - http-outgoing-8 << "HTTP/1.1 200 OK[\r][\n]"
2019-11-03 20:33:38,326 DEBUG [Forwarding clickElement on session 446566d89e461028ccb383e9398a28cb to remote] wire:72 - http-outgoing-8 << "Content-Length:72[\r][\n]"
2019-11-03 20:33:38,326 DEBUG [Forwarding clickElement on session 446566d89e461028ccb383e9398a28cb to remote] wire:72 - http-outgoing-8 << "Content-Type:application/json; charset=utf-8[\r][\n]"
2019-11-03 20:33:38,326 DEBUG [Forwarding clickElement on session 446566d89e461028ccb383e9398a28cb to remote] wire:72 - http-outgoing-8 << "Connection:close[\r][\n]"
2019-11-03 20:33:38,327 DEBUG [Forwarding clickElement on session 446566d89e461028ccb383e9398a28cb to remote] wire:72 - http-outgoing-8 << "[\r][\n]"
2019-11-03 20:33:38,327 DEBUG [Forwarding clickElement on session 446566d89e461028ccb383e9398a28cb to remote] wire:86 - http-outgoing-8 << "{"sessionId":"446566d89e461028ccb383e9398a28cb","status":0,"value":null}"
2019-11-03 20:33:38,327 DEBUG [Forwarding clickElement on session 446566d89e461028ccb383e9398a28cb to remote] headers:124 - http-outgoing-8 << HTTP/1.1 200 OK
2019-11-03 20:33:38,327 DEBUG [Forwarding clickElement on session 446566d89e461028ccb383e9398a28cb to remote] headers:127 - http-outgoing-8 << Content-Length:72
2019-11-03 20:33:38,327 DEBUG [Forwarding clickElement on session 446566d89e461028ccb383e9398a28cb to remote] headers:127 - http-outgoing-8 << Content-Type:application/json; charset=utf-8
2019-11-03 20:33:38,328 DEBUG [Forwarding clickElement on session 446566d89e461028ccb383e9398a28cb to remote] headers:127 - http-outgoing-8 << Connection:close
2019-11-03 20:33:38,328 DEBUG [Forwarding clickElement on session 446566d89e461028ccb383e9398a28cb to remote] DefaultManagedHttpClientConnection:81 - http-outgoing-8: Close connection
2019-11-03 20:33:38,329 DEBUG [Forwarding clickElement on session 446566d89e461028ccb383e9398a28cb to remote] MainClientExec:103 - Connection discarded
2019-11-03 20:33:38,329 DEBUG [Forwarding clickElement on session 446566d89e461028ccb383e9398a28cb to remote] PoolingHttpClientConnectionManager:320 - Connection released: [id: 8][route: {}->http://localhost:2420][total kept alive: 0; route allocated: 0 of 2000; total allocated: 0 of 2000]
2019-11-03 20:33:38,333 DEBUG [Forwarding getCurrentUrl on session 446566d89e461028ccb383e9398a28cb to remote] RequestAddCookies:122 - CookieSpec selected: default
2019-11-03 20:33:38,333 DEBUG [Forwarding getCurrentUrl on session 446566d89e461028ccb383e9398a28cb to remote] RequestAuthCache:76 - Auth cache not set in the context
2019-11-03 20:33:38,335 DEBUG [Forwarding getCurrentUrl on session 446566d89e461028ccb383e9398a28cb to remote] PoolingHttpClientConnectionManager:249 - Connection request: [route: {}->http://localhost:2420][total kept alive: 0; route allocated: 0 of 2000; total allocated: 0 of 2000]
2019-11-03 20:33:38,336 DEBUG [Forwarding getCurrentUrl on session 446566d89e461028ccb383e9398a28cb to remote] PoolingHttpClientConnectionManager:282 - Connection leased: [id: 9][route: {}->http://localhost:2420][total kept alive: 0; route allocated: 1 of 2000; total allocated: 1 of 2000]
2019-11-03 20:33:38,337 DEBUG [Forwarding getCurrentUrl on session 446566d89e461028ccb383e9398a28cb to remote] MainClientExec:234 - Opening connection {}->http://localhost:2420
2019-11-03 20:33:38,337 DEBUG [Forwarding getCurrentUrl on session 446566d89e461028ccb383e9398a28cb to remote] DefaultHttpClientConnectionOperator:138 - Connecting to localhost/127.0.0.1:2420
2019-11-03 20:33:38,355 DEBUG [Forwarding getCurrentUrl on session 446566d89e461028ccb383e9398a28cb to remote] DefaultHttpClientConnectionOperator:145 - Connection established 127.0.0.1:52658<->127.0.0.1:2420
2019-11-03 20:33:38,382 DEBUG [Forwarding getCurrentUrl on session 446566d89e461028ccb383e9398a28cb to remote] DefaultManagedHttpClientConnection:90 - http-outgoing-9: set socket timeout to 10800000
2019-11-03 20:33:38,382 DEBUG [Forwarding getCurrentUrl on session 446566d89e461028ccb383e9398a28cb to remote] MainClientExec:255 - Executing request GET /session/446566d89e461028ccb383e9398a28cb/url HTTP/1.1
2019-11-03 20:33:38,382 DEBUG [Forwarding getCurrentUrl on session 446566d89e461028ccb383e9398a28cb to remote] MainClientExec:260 - Target auth state: UNCHALLENGED
2019-11-03 20:33:38,382 DEBUG [Forwarding getCurrentUrl on session 446566d89e461028ccb383e9398a28cb to remote] MainClientExec:266 - Proxy auth state: UNCHALLENGED
2019-11-03 20:33:38,383 DEBUG [Forwarding getCurrentUrl on session 446566d89e461028ccb383e9398a28cb to remote] headers:135 - http-outgoing-9 >> GET /session/446566d89e461028ccb383e9398a28cb/url HTTP/1.1
2019-11-03 20:33:38,383 DEBUG [Forwarding getCurrentUrl on session 446566d89e461028ccb383e9398a28cb to remote] headers:138 - http-outgoing-9 >> Cache-Control: no-cache
2019-11-03 20:33:38,383 DEBUG [Forwarding getCurrentUrl on session 446566d89e461028ccb383e9398a28cb to remote] headers:138 - http-outgoing-9 >> Host: localhost:2420
2019-11-03 20:33:38,383 DEBUG [Forwarding getCurrentUrl on session 446566d89e461028ccb383e9398a28cb to remote] headers:138 - http-outgoing-9 >> Connection: Keep-Alive
2019-11-03 20:33:38,383 DEBUG [Forwarding getCurrentUrl on session 446566d89e461028ccb383e9398a28cb to remote] headers:138 - http-outgoing-9 >> User-Agent: Apache-HttpClient/4.5.2 (Java/1.8.0_151)
2019-11-03 20:33:38,383 DEBUG [Forwarding getCurrentUrl on session 446566d89e461028ccb383e9398a28cb to remote] headers:138 - http-outgoing-9 >> Accept-Encoding: gzip,deflate
2019-11-03 20:33:38,384 DEBUG [Forwarding getCurrentUrl on session 446566d89e461028ccb383e9398a28cb to remote] wire:72 - http-outgoing-9 >> "GET /session/446566d89e461028ccb383e9398a28cb/url HTTP/1.1[\r][\n]"
2019-11-03 20:33:38,384 DEBUG [Forwarding getCurrentUrl on session 446566d89e461028ccb383e9398a28cb to remote] wire:72 - http-outgoing-9 >> "Cache-Control: no-cache[\r][\n]"
2019-11-03 20:33:38,384 DEBUG [Forwarding getCurrentUrl on session 446566d89e461028ccb383e9398a28cb to remote] wire:72 - http-outgoing-9 >> "Host: localhost:2420[\r][\n]"
2019-11-03 20:33:38,385 DEBUG [Forwarding getCurrentUrl on session 446566d89e461028ccb383e9398a28cb to remote] wire:72 - http-outgoing-9 >> "Connection: Keep-Alive[\r][\n]"
2019-11-03 20:33:38,385 DEBUG [Forwarding getCurrentUrl on session 446566d89e461028ccb383e9398a28cb to remote] wire:72 - http-outgoing-9 >> "User-Agent: Apache-HttpClient/4.5.2 (Java/1.8.0_151)[\r][\n]"
2019-11-03 20:33:38,385 DEBUG [Forwarding getCurrentUrl on session 446566d89e461028ccb383e9398a28cb to remote] wire:72 - http-outgoing-9 >> "Accept-Encoding: gzip,deflate[\r][\n]"
2019-11-03 20:33:38,385 DEBUG [Forwarding getCurrentUrl on session 446566d89e461028ccb383e9398a28cb to remote] wire:72 - http-outgoing-9 >> "[\r][\n]"
2019-11-03 20:33:38,429 DEBUG [Forwarding getCurrentUrl on session 446566d89e461028ccb383e9398a28cb to remote] wire:72 - http-outgoing-9 << "HTTP/1.1 200 OK[\r][\n]"
2019-11-03 20:33:38,430 DEBUG [Forwarding getCurrentUrl on session 446566d89e461028ccb383e9398a28cb to remote] wire:72 - http-outgoing-9 << "Content-Length:117[\r][\n]"
2019-11-03 20:33:38,430 DEBUG [Forwarding getCurrentUrl on session 446566d89e461028ccb383e9398a28cb to remote] wire:72 - http-outgoing-9 << "Content-Type:application/json; charset=utf-8[\r][\n]"
2019-11-03 20:33:38,430 DEBUG [Forwarding getCurrentUrl on session 446566d89e461028ccb383e9398a28cb to remote] wire:72 - http-outgoing-9 << "Connection:close[\r][\n]"
2019-11-03 20:33:38,431 DEBUG [Forwarding getCurrentUrl on session 446566d89e461028ccb383e9398a28cb to remote] wire:72 - http-outgoing-9 << "[\r][\n]"
2019-11-03 20:33:38,431 DEBUG [Forwarding getCurrentUrl on session 446566d89e461028ccb383e9398a28cb to remote] wire:86 - http-outgoing-9 << "{"sessionId":"446566d89e461028ccb383e9398a28cb","status":0,"value":"https://www.google.com/intl/en-GB/gmail/about/#"}"
2019-11-03 20:33:38,431 DEBUG [Forwarding getCurrentUrl on session 446566d89e461028ccb383e9398a28cb to remote] headers:124 - http-outgoing-9 << HTTP/1.1 200 OK
2019-11-03 20:33:38,432 DEBUG [Forwarding getCurrentUrl on session 446566d89e461028ccb383e9398a28cb to remote] headers:127 - http-outgoing-9 << Content-Length:117
2019-11-03 20:33:38,432 DEBUG [Forwarding getCurrentUrl on session 446566d89e461028ccb383e9398a28cb to remote] headers:127 - http-outgoing-9 << Content-Type:application/json; charset=utf-8
2019-11-03 20:33:38,432 DEBUG [Forwarding getCurrentUrl on session 446566d89e461028ccb383e9398a28cb to remote] headers:127 - http-outgoing-9 << Connection:close
2019-11-03 20:33:38,434 DEBUG [Forwarding getCurrentUrl on session 446566d89e461028ccb383e9398a28cb to remote] DefaultManagedHttpClientConnection:81 - http-outgoing-9: Close connection
2019-11-03 20:33:38,436 DEBUG [Forwarding getCurrentUrl on session 446566d89e461028ccb383e9398a28cb to remote] MainClientExec:103 - Connection discarded
2019-11-03 20:33:38,437 DEBUG [Forwarding getCurrentUrl on session 446566d89e461028ccb383e9398a28cb to remote] PoolingHttpClientConnectionManager:320 - Connection released: [id: 9][route: {}->http://localhost:2420][total kept alive: 0; route allocated: 0 of 2000; total allocated: 0 of 2000]
2019-11-03 20:33:38,447 DEBUG [Forwarding get on session 446566d89e461028ccb383e9398a28cb to remote] RequestAddCookies:122 - CookieSpec selected: default
2019-11-03 20:33:38,447 DEBUG [Forwarding get on session 446566d89e461028ccb383e9398a28cb to remote] RequestAuthCache:76 - Auth cache not set in the context
2019-11-03 20:33:38,447 DEBUG [Forwarding get on session 446566d89e461028ccb383e9398a28cb to remote] PoolingHttpClientConnectionManager:249 - Connection request: [route: {}->http://localhost:2420][total kept alive: 0; route allocated: 0 of 2000; total allocated: 0 of 2000]
2019-11-03 20:33:38,448 DEBUG [Forwarding get on session 446566d89e461028ccb383e9398a28cb to remote] PoolingHttpClientConnectionManager:282 - Connection leased: [id: 10][route: {}->http://localhost:2420][total kept alive: 0; route allocated: 1 of 2000; total allocated: 1 of 2000]
2019-11-03 20:33:38,448 DEBUG [Forwarding get on session 446566d89e461028ccb383e9398a28cb to remote] MainClientExec:234 - Opening connection {}->http://localhost:2420
2019-11-03 20:33:38,448 DEBUG [Forwarding get on session 446566d89e461028ccb383e9398a28cb to remote] DefaultHttpClientConnectionOperator:138 - Connecting to localhost/127.0.0.1:2420
2019-11-03 20:33:38,449 DEBUG [Forwarding get on session 446566d89e461028ccb383e9398a28cb to remote] DefaultHttpClientConnectionOperator:145 - Connection established 127.0.0.1:52659<->127.0.0.1:2420
2019-11-03 20:33:38,449 DEBUG [Forwarding get on session 446566d89e461028ccb383e9398a28cb to remote] DefaultManagedHttpClientConnection:90 - http-outgoing-10: set socket timeout to 10800000
2019-11-03 20:33:38,449 DEBUG [Forwarding get on session 446566d89e461028ccb383e9398a28cb to remote] MainClientExec:255 - Executing request POST /session/446566d89e461028ccb383e9398a28cb/url HTTP/1.1
2019-11-03 20:33:38,450 DEBUG [Forwarding get on session 446566d89e461028ccb383e9398a28cb to remote] MainClientExec:260 - Target auth state: UNCHALLENGED
2019-11-03 20:33:38,450 DEBUG [Forwarding get on session 446566d89e461028ccb383e9398a28cb to remote] MainClientExec:266 - Proxy auth state: UNCHALLENGED
2019-11-03 20:33:38,450 DEBUG [Forwarding get on session 446566d89e461028ccb383e9398a28cb to remote] headers:135 - http-outgoing-10 >> POST /session/446566d89e461028ccb383e9398a28cb/url HTTP/1.1
2019-11-03 20:33:38,451 DEBUG [Forwarding get on session 446566d89e461028ccb383e9398a28cb to remote] headers:138 - http-outgoing-10 >> Content-Type: application/json; charset=utf-8
2019-11-03 20:33:38,451 DEBUG [Forwarding get on session 446566d89e461028ccb383e9398a28cb to remote] headers:138 - http-outgoing-10 >> Content-Length: 44
2019-11-03 20:33:38,451 DEBUG [Forwarding get on session 446566d89e461028ccb383e9398a28cb to remote] headers:138 - http-outgoing-10 >> Host: localhost:2420
2019-11-03 20:33:38,451 DEBUG [Forwarding get on session 446566d89e461028ccb383e9398a28cb to remote] headers:138 - http-outgoing-10 >> Connection: Keep-Alive
2019-11-03 20:33:38,451 DEBUG [Forwarding get on session 446566d89e461028ccb383e9398a28cb to remote] headers:138 - http-outgoing-10 >> User-Agent: Apache-HttpClient/4.5.2 (Java/1.8.0_151)
2019-11-03 20:33:38,452 DEBUG [Forwarding get on session 446566d89e461028ccb383e9398a28cb to remote] headers:138 - http-outgoing-10 >> Accept-Encoding: gzip,deflate
2019-11-03 20:33:38,452 DEBUG [Forwarding get on session 446566d89e461028ccb383e9398a28cb to remote] wire:72 - http-outgoing-10 >> "POST /session/446566d89e461028ccb383e9398a28cb/url HTTP/1.1[\r][\n]"
2019-11-03 20:33:38,452 DEBUG [Forwarding get on session 446566d89e461028ccb383e9398a28cb to remote] wire:72 - http-outgoing-10 >> "Content-Type: application/json; charset=utf-8[\r][\n]"
2019-11-03 20:33:38,452 DEBUG [Forwarding get on session 446566d89e461028ccb383e9398a28cb to remote] wire:72 - http-outgoing-10 >> "Content-Length: 44[\r][\n]"
2019-11-03 20:33:38,452 DEBUG [Forwarding get on session 446566d89e461028ccb383e9398a28cb to remote] wire:72 - http-outgoing-10 >> "Host: localhost:2420[\r][\n]"
2019-11-03 20:33:38,453 DEBUG [Forwarding get on session 446566d89e461028ccb383e9398a28cb to remote] wire:72 - http-outgoing-10 >> "Connection: Keep-Alive[\r][\n]"
2019-11-03 20:33:38,453 DEBUG [Forwarding get on session 446566d89e461028ccb383e9398a28cb to remote] wire:72 - http-outgoing-10 >> "User-Agent: Apache-HttpClient/4.5.2 (Java/1.8.0_151)[\r][\n]"
2019-11-03 20:33:38,453 DEBUG [Forwarding get on session 446566d89e461028ccb383e9398a28cb to remote] wire:72 - http-outgoing-10 >> "Accept-Encoding: gzip,deflate[\r][\n]"
2019-11-03 20:33:38,497 DEBUG [Forwarding get on session 446566d89e461028ccb383e9398a28cb to remote] wire:72 - http-outgoing-10 >> "[\r][\n]"
2019-11-03 20:33:38,498 DEBUG [Forwarding get on session 446566d89e461028ccb383e9398a28cb to remote] wire:86 - http-outgoing-10 >> "{"url":"https://www.google.com/?gws_rd=ssl"}"
2019-11-03 20:33:39,196 DEBUG [Forwarding get on session 446566d89e461028ccb383e9398a28cb to remote] wire:72 - http-outgoing-10 << "HTTP/1.1 200 OK[\r][\n]"
2019-11-03 20:33:39,198 DEBUG [Forwarding get on session 446566d89e461028ccb383e9398a28cb to remote] wire:72 - http-outgoing-10 << "Content-Length:72[\r][\n]"
2019-11-03 20:33:39,198 DEBUG [Forwarding get on session 446566d89e461028ccb383e9398a28cb to remote] wire:72 - http-outgoing-10 << "Content-Type:application/json; charset=utf-8[\r][\n]"
2019-11-03 20:33:39,199 DEBUG [Forwarding get on session 446566d89e461028ccb383e9398a28cb to remote] wire:72 - http-outgoing-10 << "Connection:close[\r][\n]"
2019-11-03 20:33:39,199 DEBUG [Forwarding get on session 446566d89e461028ccb383e9398a28cb to remote] wire:72 - http-outgoing-10 << "[\r][\n]"
2019-11-03 20:33:39,199 DEBUG [Forwarding get on session 446566d89e461028ccb383e9398a28cb to remote] wire:86 - http-outgoing-10 << "{"sessionId":"446566d89e461028ccb383e9398a28cb","status":0,"value":null}"
2019-11-03 20:33:39,200 DEBUG [Forwarding get on session 446566d89e461028ccb383e9398a28cb to remote] headers:124 - http-outgoing-10 << HTTP/1.1 200 OK
2019-11-03 20:33:39,200 DEBUG [Forwarding get on session 446566d89e461028ccb383e9398a28cb to remote] headers:127 - http-outgoing-10 << Content-Length:72
2019-11-03 20:33:39,200 DEBUG [Forwarding get on session 446566d89e461028ccb383e9398a28cb to remote] headers:127 - http-outgoing-10 << Content-Type:application/json; charset=utf-8
2019-11-03 20:33:39,200 DEBUG [Forwarding get on session 446566d89e461028ccb383e9398a28cb to remote] headers:127 - http-outgoing-10 << Connection:close
2019-11-03 20:33:39,201 DEBUG [Forwarding get on session 446566d89e461028ccb383e9398a28cb to remote] DefaultManagedHttpClientConnection:81 - http-outgoing-10: Close connection
2019-11-03 20:33:39,202 DEBUG [Forwarding get on session 446566d89e461028ccb383e9398a28cb to remote] MainClientExec:103 - Connection discarded
2019-11-03 20:33:39,203 DEBUG [Forwarding get on session 446566d89e461028ccb383e9398a28cb to remote] PoolingHttpClientConnectionManager:320 - Connection released: [id: 10][route: {}->http://localhost:2420][total kept alive: 0; route allocated: 0 of 2000; total allocated: 0 of 2000]
2019-11-03 20:33:39,205 DEBUG [Forwarding getCurrentUrl on session 446566d89e461028ccb383e9398a28cb to remote] RequestAddCookies:122 - CookieSpec selected: default
2019-11-03 20:33:39,214 DEBUG [Forwarding getCurrentUrl on session 446566d89e461028ccb383e9398a28cb to remote] RequestAuthCache:76 - Auth cache not set in the context
2019-11-03 20:33:39,214 DEBUG [Forwarding getCurrentUrl on session 446566d89e461028ccb383e9398a28cb to remote] PoolingHttpClientConnectionManager:249 - Connection request: [route: {}->http://localhost:2420][total kept alive: 0; route allocated: 0 of 2000; total allocated: 0 of 2000]
2019-11-03 20:33:39,214 DEBUG [Forwarding getCurrentUrl on session 446566d89e461028ccb383e9398a28cb to remote] PoolingHttpClientConnectionManager:282 - Connection leased: [id: 11][route: {}->http://localhost:2420][total kept alive: 0; route allocated: 1 of 2000; total allocated: 1 of 2000]
2019-11-03 20:33:39,214 DEBUG [Forwarding getCurrentUrl on session 446566d89e461028ccb383e9398a28cb to remote] MainClientExec:234 - Opening connection {}->http://localhost:2420
2019-11-03 20:33:39,215 DEBUG [Forwarding getCurrentUrl on session 446566d89e461028ccb383e9398a28cb to remote] DefaultHttpClientConnectionOperator:138 - Connecting to localhost/127.0.0.1:2420
2019-11-03 20:33:39,215 DEBUG [Forwarding getCurrentUrl on session 446566d89e461028ccb383e9398a28cb to remote] DefaultHttpClientConnectionOperator:145 - Connection established 127.0.0.1:52668<->127.0.0.1:2420
2019-11-03 20:33:39,226 DEBUG [Forwarding getCurrentUrl on session 446566d89e461028ccb383e9398a28cb to remote] DefaultManagedHttpClientConnection:90 - http-outgoing-11: set socket timeout to 10800000
2019-11-03 20:33:39,227 DEBUG [Forwarding getCurrentUrl on session 446566d89e461028ccb383e9398a28cb to remote] MainClientExec:255 - Executing request GET /session/446566d89e461028ccb383e9398a28cb/url HTTP/1.1
2019-11-03 20:33:39,227 DEBUG [Forwarding getCurrentUrl on session 446566d89e461028ccb383e9398a28cb to remote] MainClientExec:260 - Target auth state: UNCHALLENGED
2019-11-03 20:33:39,227 DEBUG [Forwarding getCurrentUrl on session 446566d89e461028ccb383e9398a28cb to remote] MainClientExec:266 - Proxy auth state: UNCHALLENGED
2019-11-03 20:33:39,227 DEBUG [Forwarding getCurrentUrl on session 446566d89e461028ccb383e9398a28cb to remote] headers:135 - http-outgoing-11 >> GET /session/446566d89e461028ccb383e9398a28cb/url HTTP/1.1
2019-11-03 20:33:39,228 DEBUG [Forwarding getCurrentUrl on session 446566d89e461028ccb383e9398a28cb to remote] headers:138 - http-outgoing-11 >> Cache-Control: no-cache
2019-11-03 20:33:39,228 DEBUG [Forwarding getCurrentUrl on session 446566d89e461028ccb383e9398a28cb to remote] headers:138 - http-outgoing-11 >> Host: localhost:2420
2019-11-03 20:33:39,228 DEBUG [Forwarding getCurrentUrl on session 446566d89e461028ccb383e9398a28cb to remote] headers:138 - http-outgoing-11 >> Connection: Keep-Alive
2019-11-03 20:33:39,228 DEBUG [Forwarding getCurrentUrl on session 446566d89e461028ccb383e9398a28cb to remote] headers:138 - http-outgoing-11 >> User-Agent: Apache-HttpClient/4.5.2 (Java/1.8.0_151)
2019-11-03 20:33:39,230 DEBUG [Forwarding getCurrentUrl on session 446566d89e461028ccb383e9398a28cb to remote] headers:138 - http-outgoing-11 >> Accept-Encoding: gzip,deflate
2019-11-03 20:33:39,230 DEBUG [Forwarding getCurrentUrl on session 446566d89e461028ccb383e9398a28cb to remote] wire:72 - http-outgoing-11 >> "GET /session/446566d89e461028ccb383e9398a28cb/url HTTP/1.1[\r][\n]"
2019-11-03 20:33:39,231 DEBUG [Forwarding getCurrentUrl on session 446566d89e461028ccb383e9398a28cb to remote] wire:72 - http-outgoing-11 >> "Cache-Control: no-cache[\r][\n]"
2019-11-03 20:33:39,231 DEBUG [Forwarding getCurrentUrl on session 446566d89e461028ccb383e9398a28cb to remote] wire:72 - http-outgoing-11 >> "Host: localhost:2420[\r][\n]"
2019-11-03 20:33:39,231 DEBUG [Forwarding getCurrentUrl on session 446566d89e461028ccb383e9398a28cb to remote] wire:72 - http-outgoing-11 >> "Connection: Keep-Alive[\r][\n]"
2019-11-03 20:33:39,231 DEBUG [Forwarding getCurrentUrl on session 446566d89e461028ccb383e9398a28cb to remote] wire:72 - http-outgoing-11 >> "User-Agent: Apache-HttpClient/4.5.2 (Java/1.8.0_151)[\r][\n]"
2019-11-03 20:33:39,231 DEBUG [Forwarding getCurrentUrl on session 446566d89e461028ccb383e9398a28cb to remote] wire:72 - http-outgoing-11 >> "Accept-Encoding: gzip,deflate[\r][\n]"
2019-11-03 20:33:39,232 DEBUG [Forwarding getCurrentUrl on session 446566d89e461028ccb383e9398a28cb to remote] wire:72 - http-outgoing-11 >> "[\r][\n]"
2019-11-03 20:33:39,424 DEBUG [Forwarding getCurrentUrl on session 446566d89e461028ccb383e9398a28cb to remote] wire:72 - http-outgoing-11 << "HTTP/1.1 200 OK[\r][\n]"
2019-11-03 20:33:39,424 DEBUG [Forwarding getCurrentUrl on session 446566d89e461028ccb383e9398a28cb to remote] wire:72 - http-outgoing-11 << "Content-Length:104[\r][\n]"
2019-11-03 20:33:39,424 DEBUG [Forwarding getCurrentUrl on session 446566d89e461028ccb383e9398a28cb to remote] wire:72 - http-outgoing-11 << "Content-Type:application/json; charset=utf-8[\r][\n]"
2019-11-03 20:33:39,424 DEBUG [Forwarding getCurrentUrl on session 446566d89e461028ccb383e9398a28cb to remote] wire:72 - http-outgoing-11 << "Connection:close[\r][\n]"
2019-11-03 20:33:39,425 DEBUG [Forwarding getCurrentUrl on session 446566d89e461028ccb383e9398a28cb to remote] wire:72 - http-outgoing-11 << "[\r][\n]"
2019-11-03 20:33:39,425 DEBUG [Forwarding getCurrentUrl on session 446566d89e461028ccb383e9398a28cb to remote] wire:86 - http-outgoing-11 << "{"sessionId":"446566d89e461028ccb383e9398a28cb","status":0,"value":"https://www.google.com/?gws_rd=ssl"}"
2019-11-03 20:33:39,426 DEBUG [Forwarding getCurrentUrl on session 446566d89e461028ccb383e9398a28cb to remote] headers:124 - http-outgoing-11 << HTTP/1.1 200 OK
2019-11-03 20:33:39,426 DEBUG [Forwarding getCurrentUrl on session 446566d89e461028ccb383e9398a28cb to remote] headers:127 - http-outgoing-11 << Content-Length:104
2019-11-03 20:33:39,426 DEBUG [Forwarding getCurrentUrl on session 446566d89e461028ccb383e9398a28cb to remote] headers:127 - http-outgoing-11 << Content-Type:application/json; charset=utf-8
2019-11-03 20:33:39,426 DEBUG [Forwarding getCurrentUrl on session 446566d89e461028ccb383e9398a28cb to remote] headers:127 - http-outgoing-11 << Connection:close
2019-11-03 20:33:39,427 DEBUG [Forwarding getCurrentUrl on session 446566d89e461028ccb383e9398a28cb to remote] DefaultManagedHttpClientConnection:81 - http-outgoing-11: Close connection
2019-11-03 20:33:39,427 DEBUG [Forwarding getCurrentUrl on session 446566d89e461028ccb383e9398a28cb to remote] MainClientExec:103 - Connection discarded
2019-11-03 20:33:39,427 DEBUG [Forwarding getCurrentUrl on session 446566d89e461028ccb383e9398a28cb to remote] PoolingHttpClientConnectionManager:320 - Connection released: [id: 11][route: {}->http://localhost:2420][total kept alive: 0; route allocated: 0 of 2000; total allocated: 0 of 2000]
